############################################################
  run_pipeline_all.sh
  Start   : 2026-04-14 16:12:30
  Languages: smallbasic c haskell ruby php javascript cpp java python
  Options : none
  Log file: /home/hyeonjin/PL/tree-sitter/pipeline_all_20260414_161230.log
############################################################

============================================================
  [ALL] >>> Language: smallbasic
  [ALL]     Start   : 2026-04-14 16:12:30
============================================================
============================================================
  Language : smallbasic
  Start    : 2026-04-14 16:12:30
============================================================

>>> [Step 1/4] LEARN collection
    Script : /home/hyeonjin/PL/tree-sitter/rebuild_all.sh smallbasic
=== rebuild_all.sh: smallbasic ===
  GRAMMAR_DIR: /home/hyeonjin/PL/tree-sitter-smallbasic

=== [0] Sanity Checks ===

=== [1] Cargo Build (Tree-sitter CLI) ===
warning: tree-sitter@0.26.0: In file included from /home/hyeonjin/PL/tree-sitter/lib/src/lib.c:6:
warning: tree-sitter@0.26.0: /home/hyeonjin/PL/tree-sitter/lib/src/./parser.c: In function 'collect_recursive':
warning: tree-sitter@0.26.0: /home/hyeonjin/PL/tree-sitter/lib/src/./parser.c:3245:16: warning: declaration of 'children' shadows a previous local [-Wshadow]
warning: tree-sitter@0.26.0:  3245 |       Subtree *children = ts_subtree_children(tree);
warning: tree-sitter@0.26.0:       |                ^~~~~~~~
warning: tree-sitter@0.26.0: /home/hyeonjin/PL/tree-sitter/lib/src/./parser.c:3228:12: note: shadowed declaration is here
warning: tree-sitter@0.26.0:  3228 |   Subtree *children = ts_subtree_children(tree);
warning: tree-sitter@0.26.0:       |            ^~~~~~~~
warning: hiding a lifetime that's elided elsewhere is confusing
   --> lib/binding_rust/lib.rs:695:19
    |
695 |     pub fn logger(&self) -> Option<&Logger> {
    |                   ^^^^^            ^^^^^^^
    |                   |                ||
    |                   |                |the same lifetime is hidden here
    |                   |                the same lifetime is elided here
    |                   the lifetime is elided here
    |
    = help: the same lifetime is referred to in inconsistent ways, making the signature confusing
    = note: `#[warn(mismatched_lifetime_syntaxes)]` on by default
help: use `'_` for type paths
    |
695 |     pub fn logger(&self) -> Option<&Logger<'_>> {
    |                                           ++++

warning: hiding a lifetime that's elided elsewhere is confusing
    --> lib/binding_rust/lib.rs:1455:22
     |
1455 |     pub fn root_node(&self) -> Node {
     |                      ^^^^^     ^^^^ the same lifetime is hidden here
     |                      |
     |                      the lifetime is elided here
     |
     = help: the same lifetime is referred to in inconsistent ways, making the signature confusing
help: use `'_` for type paths
     |
1455 |     pub fn root_node(&self) -> Node<'_> {
     |                                    ++++

warning: hiding a lifetime that's elided elsewhere is confusing
    --> lib/binding_rust/lib.rs:1463:34
     |
1463 |     pub fn root_node_with_offset(&self, offset_bytes: usize, offset_extent: Point) -> Node {
     |                                  ^^^^^ the lifetime is elided here                    ^^^^ the same lifetime is hidden here
     |
     = help: the same lifetime is referred to in inconsistent ways, making the signature confusing
help: use `'_` for type paths
     |
1463 |     pub fn root_node_with_offset(&self, offset_bytes: usize, offset_extent: Point) -> Node<'_> {
     |                                                                                           ++++

warning: hiding a lifetime that's elided elsewhere is confusing
    --> lib/binding_rust/lib.rs:1477:21
     |
1477 |     pub fn language(&self) -> LanguageRef {
     |                     ^^^^^     ^^^^^^^^^^^ the same lifetime is hidden here
     |                     |
     |                     the lifetime is elided here
     |
     = help: the same lifetime is referred to in inconsistent ways, making the signature confusing
help: use `'_` for type paths
     |
1477 |     pub fn language(&self) -> LanguageRef<'_> {
     |                                          ++++

warning: hiding a lifetime that's elided elsewhere is confusing
    --> lib/binding_rust/lib.rs:1497:17
     |
1497 |     pub fn walk(&self) -> TreeCursor {
     |                 ^^^^^     ^^^^^^^^^^ the same lifetime is hidden here
     |                 |
     |                 the lifetime is elided here
     |
     = help: the same lifetime is referred to in inconsistent ways, making the signature confusing
help: use `'_` for type paths
     |
1497 |     pub fn walk(&self) -> TreeCursor<'_> {
     |                                     ++++

warning: hiding a lifetime that's elided elsewhere is confusing
    --> lib/binding_rust/lib.rs:1640:21
     |
1640 |     pub fn language(&self) -> LanguageRef {
     |                     ^^^^^     ^^^^^^^^^^^ the same lifetime is hidden here
     |                     |
     |                     the lifetime is elided here
     |
     = help: the same lifetime is referred to in inconsistent ways, making the signature confusing
help: use `'_` for type paths
     |
1640 |     pub fn language(&self) -> LanguageRef<'_> {
     |                                          ++++

warning: `tree-sitter` (lib) generated 6 warnings (run `cargo fix --lib -p tree-sitter` to apply 6 suggestions)
warning: variable does not need to be mutable
   --> crates/generate/src/build_tables.rs:345:21
    |
345 |                 let mut sym_str = get_pretty_symbol_name(
    |                     ----^^^^^^^
    |                     |
    |                     help: remove this `mut`
    |
    = note: `#[warn(unused_mut)]` (part of `#[warn(unused)]`) on by default

warning: unused variable: `input_grammar`
  --> crates/generate/src/build_tables.rs:46:5
   |
46 |     input_grammar: &InputGrammar,
   |     ^^^^^^^^^^^^^ help: if this is intentional, prefix it with an underscore: `_input_grammar`
   |
   = note: `#[warn(unused_variables)]` (part of `#[warn(unused)]`) on by default

warning: unused variable: `dynamic_precedence`
   --> crates/generate/src/build_tables.rs:976:25
    |
976 |                         dynamic_precedence,
    |                         ^^^^^^^^^^^^^^^^^^ help: try ignoring the field: `dynamic_precedence: _`

warning: unused variable: `production_id`
   --> crates/generate/src/build_tables.rs:977:25
    |
977 |                         production_id,
    |                         ^^^^^^^^^^^^^ help: try ignoring the field: `production_id: _`

warning: unused variable: `nt_idx`
    --> crates/generate/src/build_tables.rs:1223:10
     |
1223 |     for (nt_idx, var) in syntax_grammar.variables.iter().enumerate() {
     |          ^^^^^^ help: if this is intentional, prefix it with an underscore: `_nt_idx`

warning: unused variable: `prod_idx`
    --> crates/generate/src/build_tables.rs:1224:14
     |
1224 |         for (prod_idx, prod) in var.productions.iter().enumerate() {
     |              ^^^^^^^^ help: if this is intentional, prefix it with an underscore: `_prod_idx`

warning: `tree-sitter-generate` (lib) generated 6 warnings (run `cargo fix --lib -p tree-sitter-generate` to apply 6 suggestions)
warning: hiding a lifetime that's elided elsewhere is confusing
   --> crates/loader/src/loader.rs:542:44
    |
542 |     pub fn get_all_language_configurations(&self) -> Vec<(&LanguageConfiguration, &Path)> {
    |                                            ^^^^^          ^^^^^^^^^^^^^^^^^^^^^^  ^^^^^ the same lifetime is elided here
    |                                            |              ||
    |                                            |              |the same lifetime is hidden here
    |                                            |              the same lifetime is elided here
    |                                            the lifetime is elided here
    |
    = help: the same lifetime is referred to in inconsistent ways, making the signature confusing
    = note: `#[warn(mismatched_lifetime_syntaxes)]` on by default
help: use `'_` for type paths
    |
542 |     pub fn get_all_language_configurations(&self) -> Vec<(&LanguageConfiguration<'_>, &Path)> {
    |                                                                                 ++++

warning: hiding a lifetime that's elided elsewhere is confusing
   --> crates/loader/src/loader.rs:550:9
    |
550 |         &self,
    |         ^^^^^ the lifetime is elided here
551 |         scope: &str,
552 |     ) -> Result<Option<(Language, &LanguageConfiguration)>> {
    |                                   ^^^^^^^^^^^^^^^^^^^^^^
    |                                   ||
    |                                   |the same lifetime is hidden here
    |                                   the same lifetime is elided here
    |
    = help: the same lifetime is referred to in inconsistent ways, making the signature confusing
help: use `'_` for type paths
    |
552 |     ) -> Result<Option<(Language, &LanguageConfiguration<'_>)>> {
    |                                                         ++++

warning: hiding a lifetime that's elided elsewhere is confusing
   --> crates/loader/src/loader.rs:563:9
    |
563 |         &self,
    |         ^^^^^ the lifetime is elided here
564 |         path: &Path,
565 |     ) -> Result<Option<(Language, &LanguageConfiguration)>> {
    |                                   ^^^^^^^^^^^^^^^^^^^^^^
    |                                   ||
    |                                   |the same lifetime is hidden here
    |                                   the same lifetime is elided here
    |
    = help: the same lifetime is referred to in inconsistent ways, making the signature confusing
help: use `'_` for type paths
    |
565 |     ) -> Result<Option<(Language, &LanguageConfiguration<'_>)>> {
    |                                                         ++++

warning: hiding a lifetime that's elided elsewhere is confusing
   --> crates/loader/src/loader.rs:587:9
    |
587 |         &self,
    |         ^^^^^ the lifetime is elided here
588 |         path: &Path,
589 |     ) -> Result<Option<(Language, &LanguageConfiguration)>> {
    |                                   ^^^^^^^^^^^^^^^^^^^^^^
    |                                   ||
    |                                   |the same lifetime is hidden here
    |                                   the same lifetime is elided here
    |
    = help: the same lifetime is referred to in inconsistent ways, making the signature confusing
help: use `'_` for type paths
    |
589 |     ) -> Result<Option<(Language, &LanguageConfiguration<'_>)>> {
    |                                                         ++++

warning: hiding a lifetime that's elided elsewhere is confusing
   --> crates/loader/src/loader.rs:659:9
    |
659 |         &self,
    |         ^^^^^ the lifetime is elided here
660 |         string: &str,
661 |     ) -> Result<Option<(Language, &LanguageConfiguration)>> {
    |                                   ^^^^^^^^^^^^^^^^^^^^^^
    |                                   ||
    |                                   |the same lifetime is hidden here
    |                                   the same lifetime is elided here
    |
    = help: the same lifetime is referred to in inconsistent ways, making the signature confusing
help: use `'_` for type paths
    |
661 |     ) -> Result<Option<(Language, &LanguageConfiguration<'_>)>> {
    |                                                         ++++

warning: hiding a lifetime that's elided elsewhere is confusing
    --> crates/loader/src/loader.rs:1213:55
     |
1213 |     pub fn get_language_configuration_in_current_path(&self) -> Option<&LanguageConfiguration> {
     |                                                       ^^^^^            ^^^^^^^^^^^^^^^^^^^^^^
     |                                                       |                ||
     |                                                       |                |the same lifetime is hidden here
     |                                                       |                the same lifetime is elided here
     |                                                       the lifetime is elided here
     |
     = help: the same lifetime is referred to in inconsistent ways, making the signature confusing
help: use `'_` for type paths
     |
1213 |     pub fn get_language_configuration_in_current_path(&self) -> Option<&LanguageConfiguration<'_>> {
     |                                                                                              ++++

warning: hiding a lifetime that's elided elsewhere is confusing
    --> crates/loader/src/loader.rs:1219:9
     |
1219 |         &mut self,
     |         ^^^^^^^^^ the lifetime is elided here
...
1222 |     ) -> Result<&[LanguageConfiguration]> {
     |                 ^^^^^^^^^^^^^^^^^^^^^^^^
     |                 | |
     |                 | the same lifetime is hidden here
     |                 the same lifetime is elided here
     |
     = help: the same lifetime is referred to in inconsistent ways, making the signature confusing
help: use `'_` for type paths
     |
1222 |     ) -> Result<&[LanguageConfiguration<'_>]> {
     |                                        ++++

warning: `tree-sitter-loader` (lib) generated 7 warnings (run `cargo fix --lib -p tree-sitter-loader` to apply 7 suggestions)
    Finished `dev` profile [unoptimized + debuginfo] target(s) in 0.12s
 -> cargo build done.

=== [2] Generate/Build (tree-sitter-smallbasic) ===
 -> Cleaning up old artifacts...
[Custom] Generated token_mapping.json -> /home/hyeonjin/PL/code-completion-extension/resources/smallbasic/token_mapping.json
[Custom] Dumping Core Items to 'LR_Items_By_Core.txt'...
[Custom] Step 1 Complete.
[Custom] Merging 'LR_Items_By_Core.txt' into final 'LR_Items_Dump.txt'...
[Custom] Merge Complete. 'LR_Items_Dump.txt' is ready.
 -> Generate/Build done.

=== [3] Optional Parse Smoke Test ===
 -> (skip) No sample files in examples/.

=== [4] Rebuild TreeSitterCutFile (g++) ===
 -> Compiling lib.c...
 -> Compiling TreeSitterCutFile.cpp...
 -> Linking...
 -> Build success: TreeSitterCutFile.exe

=== [5] Run Collection ===
[Info] Removed existing directory: /home/hyeonjin/PL/benchmarks_collection/smallbasic/LEARN_data
[Info] Created output directory: /home/hyeonjin/PL/benchmarks_collection/smallbasic/LEARN_data
[Info] Work dir: /tmp/collect_573i00o_
[*] Starting recursive scan in: /home/hyeonjin/PL/codecompletion_benchmarks/smallbasic/LEARN
Processing: FLZ541.sb ...
  -> Failed: No output generated or empty file
Processing: CBV920.sb ...
Processing: BCV978.sb ...
Processing: VFT761.sb ...
Processing: MWL467.sb ...
Processing: QRZ621.sb ...
Processing: FDZ660.sb ...
Processing: LNT836.sb ...
Processing: GJC622.sb ...
Processing: PXX937.sb ...
Processing: MSJ717.sb ...
Processing: KRF721.sb ...
Processing: GJV687.sb ...
Processing: JBZ563.sb ...
Processing: DZS282.sb ...
Processing: NWL861.sb ...
Processing: VTC612.sb ...
Processing: TPB615.sb ...
Processing: FPZ524.sb ...
Processing: LHV639.sb ...
Processing: SQD608.sb ...
Processing: SMT641.sb ...
Processing: VPQ569.sb ...
Processing: PHP464.sb ...
Processing: ZZP761.sb ...
Processing: STS227.sb ...
Processing: LTB987.sb ...
Processing: FRF631.sb ...
Processing: VFQ142.sb ...
Processing: RTZ371.sb ...
Processing: LNW961.sb ...
Processing: TGH751.sb ...
Processing: WNQ309.sb ...
Processing: RBF730.sb ...
Processing: WTT892.sb ...
Processing: SKJ519-1.sb ...
Processing: DJQ511-0.sb ...
Processing: XKV670.sb ...
Processing: WGK726.sb ...
Processing: LBX637.sb ...
Processing: XHD450-0.sb ...
Processing: RLV240.sb ...
Processing: LPT820.sb ...
Processing: FKW997.sb ...
Processing: DKN085-0.sb ...
Processing: HMP803-4.sb ...
Processing: PZW702.sb ...
Processing: BFN681.sb ...
Processing: QGP302.sb ...
Processing: XVS469.sb ...
Processing: PVT533.sb ...
Processing: XJJ546.sb ...
Processing: VLJ457.sb ...
Processing: JMG886.sb ...
Processing: QRS755.sb ...
Processing: PMQ151.sb ...
Processing: TDG816-0.sb ...
Processing: ZHP086.sb ...
Processing: NRS387.sb ...
Processing: QXH159.sb ...
Processing: MWC343-0.sb ...
Processing: CVS071-0.sb ...
Processing: XXN689-5.sb ...
Processing: LML124.sb ...
Processing: LMK953.sb ...
Processing: HBV722.sb ...
Processing: ZZP412.sb ...
Processing: WGT233.sb ...
Processing: VFK154.sb ...
Processing: SCL615.sb ...
Processing: DZN497.sb ...
Processing: HCX662.sb ...
Processing: XRD223.sb ...
Processing: VLG376.sb ...
Processing: ZCF870.sb ...
Processing: SXV526.sb ...
Processing: KBL066.sb ...
Processing: QZT806.sb ...
Processing: TJS151.sb ...
Processing: ZWF718.sb ...
Processing: SKL606.sb ...
Processing: TLG781.sb ...
Processing: WFJ646.sb ...
Processing: CFD511.sb ...
Processing: DZB347.sb ...
Processing: VXF713.sb ...
Processing: PHF453.sb ...
Processing: LKV739.sb ...
Processing: RFL427.sb ...
Processing: TQL943.sb ...
Processing: TDJ412.sb ...
Processing: CDJ258.sb ...
Processing: HHQ763.sb ...
Processing: MWM014-0.sb ...
Processing: JTL718.sb ...
Processing: JMN410.sb ...
Processing: STH586-0.sb ...
Processing: PLG039.sb ...
Processing: NDB637.sb ...
Processing: VBF928.sb ...
Processing: DCC658.sb ...
Processing: SCX445.sb ...
Processing: NVH805.sb ...
Processing: NCP309.sb ...
Processing: KDV722.sb ...
Processing: NFC273.sb ...
Processing: FQS551.sb ...
Processing: LZL364.sb ...
Processing: CSH007-0.sb ...
Processing: BRZ332.sb ...
Processing: JJH926.sb ...
Processing: PKX286.sb ...
Processing: FCG345.sb ...
Processing: ZLS721.sb ...
Processing: KCK850-1.sb ...
Processing: VWJ159.sb ...
Processing: RQH226.sb ...
  -> Failed: No output generated or empty file
Processing: KFL651.sb ...
Processing: NXR647-2.sb ...
Processing: LFC592.sb ...
Processing: GPB899.sb ...
Processing: QRC674.sb ...
Processing: RKD110.sb ...
Processing: JMC583.sb ...
Processing: JZF839.sb ...
Processing: WXB487.sb ...
Processing: NKP706.sb ...
Processing: SZW544.sb ...
Processing: SDD265.sb ...
Processing: MNL418.sb ...
Processing: SFM765.sb ...
Processing: CPL667.sb ...
Processing: QMP561.sb ...
Processing: WDD309.sb ...
Processing: BTN178.sb ...
Processing: TGS200-0.sb ...
Processing: RTF108.sb ...
Processing: TPV950.sb ...
Processing: GGW720.sb ...
Processing: GMH674.sb ...
Processing: MZC517.sb ...
Processing: QKQ121-1.sb ...
Processing: VNV951.sb ...
Processing: HVD712.sb ...
Processing: GNS667.sb ...
Processing: QHJ102.sb ...
Processing: GJL218.sb ...
Processing: MFW141.sb ...
Processing: THD498.sb ...
Processing: ZBG373.sb ...
Processing: FGG068.sb ...
Processing: SHK867.sb ...
Processing: XHJ686.sb ...
Processing: RPB297-0.sb ...
Processing: RPC846-1.sb ...
Processing: DZV422.sb ...
Processing: FKF358-7.sb ...
Processing: LZN025.sb ...
Processing: DHK287.sb ...
Processing: DJL555.sb ...
Processing: QKM941.sb ...
Processing: GNW384.sb ...
Processing: BBM021.sb ...
Processing: XVP811.sb ...
Processing: HMP803-3.sb ...
Processing: WFS214.sb ...
Processing: VWN806.sb ...
Processing: JWC757.sb ...
Processing: CDP253-1.sb ...
Processing: FLR315.sb ...
Processing: QMF747-1.sb ...
Processing: QKR631.sb ...
Processing: JKN336.sb ...
Processing: BJC282.sb ...
Processing: WWD539.sb ...
Processing: VDN421.sb ...
Processing: VTD423-0.sb ...
Processing: BJL054.sb ...
Processing: JJP190.sb ...
Processing: QMG224.sb ...
Processing: SGZ504.sb ...
Processing: BSV343.sb ...
Processing: GZN668-0.sb ...
Processing: JTK461.sb ...
Processing: SMM111.sb ...
Processing: GTM250.sb ...
Processing: GNG357.sb ...
Processing: SDZ133.sb ...
Processing: FBQ317-0.sb ...
Processing: MMS129.sb ...
Processing: LPL617.sb ...
Processing: VVK587.sb ...
Processing: MDJ058.sb ...
Processing: MXB654.sb ...
Processing: LTC819.sb ...
Processing: KVD777.sb ...
Processing: JZF839-0.sb ...
Processing: TXW159-0.sb ...
Processing: QDH330.sb ...
Processing: KRF764.sb ...
Processing: JSP740.sb ...
Processing: MVG298-0.sb ...
Processing: JTG660.sb ...
Processing: HNH634.sb ...
Processing: TRV559-2.sb ...
Processing: CLH669-4.sb ...
Processing: CMR707.sb ...
Processing: ZCC564.sb ...
Processing: LSB518.sb ...
Processing: XKB866.sb ...
Processing: JVH699-0.sb ...
Processing: XWM877-1.sb ...
Processing: WPC384.sb ...
Processing: SNX971.sb ...
Processing: XRC452.sb ...
Processing: ZWZ092-3.sb ...
Processing: KGG660.sb ...
  -> Failed: No output generated or empty file
Processing: ZFF937.sb ...
Processing: HXB956.sb ...
Processing: PPJ352.sb ...
Processing: TZQ815.sb ...
Processing: XLT714.sb ...
Processing: HMC614.sb ...
Processing: GSL555.sb ...
Processing: XLL499.sb ...
Processing: RHT662.sb ...
Processing: DBH707.sb ...
Processing: MBL596.sb ...
Processing: XHJ559.sb ...
Processing: SKJ519-0.sb ...
Processing: WPV159.sb ...
Processing: KXH666.sb ...
Processing: WGV630.sb ...
Processing: CWC005-0.sb ...
Processing: SNR096.sb ...
Processing: ZZW635-1.sb ...
Processing: PMQ660-0.sb ...
Processing: NQJ798.sb ...
Processing: WWF640.sb ...
Processing: PZS041.sb ...
Processing: XQC036.sb ...
Processing: DTX776.sb ...
Processing: JXW401.sb ...
Processing: LNM164.sb ...
Processing: WGP448.sb ...
Processing: HDQ078.sb ...
Processing: SXT094.sb ...
Processing: FCR863.sb ...
Processing: GTK593.sb ...
Processing: DKJ096.sb ...
Processing: QMS609-0.sb ...
Processing: DJD934.sb ...
Processing: HJK814.sb ...
Processing: FFV947.sb ...
Processing: ZFZ796.sb ...
Processing: VGR488.sb ...
Processing: LBR803.sb ...
Processing: MHW812.sb ...
Processing: CST594-1.sb ...
Processing: ZNL811.sb ...
Processing: JJS099.sb ...
Processing: ZZF466-1.sb ...
Processing: ZZD851.sb ...
Processing: WRR030-1.sb ...
Processing: VJZ575.sb ...
Processing: KDN526.sb ...
Processing: KMQ190.sb ...
Processing: PLJ442.sb ...
Processing: PLC990.sb ...
Processing: PMH441.sb ...
Processing: XXZ226.sb ...
Processing: RLB426.sb ...
Processing: WPT684.sb ...
Processing: RKF190.sb ...
Processing: VSH227.sb ...
Processing: SKF628.sb ...
Processing: FWV264.sb ...
Processing: RMJ088.sb ...
Processing: RJD177.sb ...
Processing: TLB346.sb ...
Processing: TJH002.sb ...
Processing: HHM936.sb ...
Processing: TXJ416.sb ...
Processing: NPB609-3.sb ...
Processing: GDR971.sb ...
Processing: CKC093.sb ...
Processing: PQW719.sb ...
Processing: WVK818.sb ...
Processing: QSD627.sb ...
Processing: MWS472-4.sb ...
Processing: GDT043.sb ...
Processing: BDX376.sb ...
Processing: XJR330.sb ...
