============================================================
  Language : java
  Start    : 2026-04-16 14:50:04
============================================================
  [Step3 make_answers(java)]
[*] All done. Processed 3022/3022 files.

  [Step4 evaluate(java)]
[Global] Total Queries    : 1010240
[Global] Top-10 Count     : 951981
[Global] Top-10 Acc       : 94.2%
[Global] Top11~20 Count   : 42061
[Global] CPP Fail         : 0
[JAVA] Total Queries : 1010240
[JAVA] Found         : 1009203  (99.9%)
[JAVA] Not Found     : 1037  (0.1%)
[JAVA] Fail          : 0  (0.0%)
[Saved] File Report (CSV) -> /home/hyeonjin/PL/tree-sitter/reports/java/java_file_performance.csv
[Saved] Coverage Report (CSV) -> /home/hyeonjin/PL/tree-sitter/reports/java/java_coverage.csv

  Total Elapsed: 7151s
  End   : 2026-04-16 16:49:15

============================================================
  Language : java
  Start    : 2026-04-17 12:20:35
============================================================
  [Step3 make_answers(java)]
[*] All done. Processed 3022/3022 files.

  [Step4 evaluate(java)]
[Global] Total Queries    : 1010240
[Global] Top-10 Count     : 951981
[Global] Top-10 Acc       : 94.2%
[Global] Top11~20 Count   : 42061
[Global] CPP Fail         : 0
[JAVA] Total Queries : 1010240
[JAVA] Found         : 1009203  (99.9%)
[JAVA] Not Found     : 1037  (0.1%)
[JAVA] Fail          : 0  (0.0%)
[Saved] File Report (CSV) -> /home/hyeonjin/PL/tree-sitter/reports/java/java_file_performance.csv
[Saved] Coverage Report (CSV) -> /home/hyeonjin/PL/tree-sitter/reports/java/java_coverage.csv

  Total Elapsed: 7128s
  End   : 2026-04-17 14:19:23

============================================================
  Language : java
  Start    : 2026-04-17 14:55:25
============================================================
  [Step3 make_answers(java)]
[*] All done. Processed 3022/3022 files.

============================================================
  Language : java
  Start    : 2026-04-17 19:55:46
============================================================
  [Step3 make_answers(java)]
[*] All done. Processed 3022/3022 files.

  [Step4 evaluate(java)]
[Global] Total Queries    : 1010240
[Global] Top-10 Count     : 951981
[Global] Top-10 Acc       : 94.2%
[Global] Top11~20 Count   : 42061
[Global] CPP Fail         : 0
[JAVA] Total Queries : 1010240
[JAVA] Found         : 1009203  (99.9%)
[JAVA] Not Found     : 1037  (0.1%)
[JAVA] Fail          : 0  (0.0%)
[Saved] File Report (CSV) -> /home/hyeonjin/PL/tree-sitter/reports/java/java_file_performance.csv
[Saved] Coverage Report (CSV) -> /home/hyeonjin/PL/tree-sitter/reports/java/java_coverage.csv

  Total Elapsed: 7248s
  End   : 2026-04-17 21:56:34

============================================================
  Language : java
  Start    : 2026-04-18 21:44:05
============================================================
  [Step3 make_answers(java)]
[*] All done. Processed 3022/3022 files.

  [Step4 evaluate(java)]
[Global] Total Queries    : 1010240
[Global] Top-10 Count     : 951165
[Global] Top-10 Acc       : 94.2%
[Global] Top11~20 Count   : 42039
[Global] CPP Fail         : 0
[JAVA] Total Queries : 1010240
[JAVA] Found         : 1008361  (99.8%)
[JAVA] Not Found     : 1879  (0.2%)
[JAVA] Fail          : 0  (0.0%)
[Saved] File Report (CSV) -> /home/hyeonjin/PL/tree-sitter/reports/java/java_file_performance.csv
[Saved] Coverage Report (CSV) -> /home/hyeonjin/PL/tree-sitter/reports/java/java_coverage.csv

  Total Elapsed: 6873s
  End   : 2026-04-18 23:38:38

============================================================
  Language : java
  Start    : 2026-04-18 23:50:17
============================================================
  [Step3 make_answers(java)]
[*] All done. Processed 3022/3022 files.

  [Step4 evaluate(java)]
[Global] Total Queries    : 1010240
[Global] Top-10 Count     : 951165
[Global] Top-10 Acc       : 94.2%
[Global] Top11~20 Count   : 42039
[Global] CPP Fail         : 0
[JAVA] Total Queries : 1010240
[JAVA] Found         : 1008361  (99.8%)
[JAVA] Not Found     : 1879  (0.2%)
[JAVA] Fail          : 0  (0.0%)
[Saved] File Report (CSV) -> /home/hyeonjin/PL/tree-sitter/reports/java/java_file_performance.csv
[Saved] Coverage Report (CSV) -> /home/hyeonjin/PL/tree-sitter/reports/java/java_coverage.csv

  Total Elapsed: 6888s
  End   : 2026-04-19 01:45:05

============================================================
  Language : java
  Start    : 2026-04-19 02:32:23
============================================================
  [Step3 make_answers(java)]
[*] All done. Processed 3022/3022 files.

  [Step4 evaluate(java)]
[Global] Total Queries    : 1010240
[Global] Top-10 Count     : 951165
[Global] Top-10 Acc       : 94.2%
[Global] Top11~20 Count   : 42039
[Global] CPP Fail         : 0
[JAVA] Total Queries : 1010240
[JAVA] Found         : 1008361  (99.8%)
[JAVA] Not Found     : 1879  (0.2%)
[JAVA] Fail          : 0  (0.0%)
[Saved] File Report (CSV) -> /home/hyeonjin/PL/tree-sitter/reports/java/java_file_performance.csv
[Saved] Coverage Report (CSV) -> /home/hyeonjin/PL/tree-sitter/reports/java/java_coverage.csv

  Total Elapsed: 7093s
  End   : 2026-04-19 04:30:36

============================================================
  Language : java
  Start    : 2026-04-19 15:48:36
============================================================
  [Step1 learn_collect(java)]
    - Skipped:   1
[*] Done! JSON saved to: /home/hyeonjin/PL/code-completion-extension/resources/java/candidates.json

  [Step2 collect_test(java)]
[*] Completed.
    - Success: 3022
    - Skipped: 1
    - Total Found: 3023
[*] Results are in: /home/hyeonjin/PL/benchmarks_collection/java/TEST_data

  [Step3 make_answers(java)]
[*] All done. Processed 3022/3022 files.

============================================================
  Language : java
  Start    : 2026-04-19 16:05:20
============================================================
  [Step1 learn_collect(java)]
    - Skipped:   1
[*] Done! JSON saved to: /home/hyeonjin/PL/code-completion-extension/resources/java/candidates.json

  [Step2 collect_test(java)]
[*] Completed.
    - Success: 3022
    - Skipped: 1
    - Total Found: 3023
[*] Results are in: /home/hyeonjin/PL/benchmarks_collection/java/TEST_data

  [Step3 make_answers(java)]
[*] All done. Processed 3022/3022 files.

  [Step4 evaluate(java)]
[Global] Total Queries    : 1010240
[Global] Top-10 Count     : 951165
[Global] Top-10 Acc       : 94.2%
[Global] Top11~20 Count   : 42039
[Global] CPP Fail         : 0
[JAVA] Total Queries : 1010240
[JAVA] Found         : 1008361  (99.8%)
[JAVA] Not Found     : 1879  (0.2%)
[JAVA] Fail          : 0  (0.0%)
[Saved] File Report (CSV) -> /home/hyeonjin/PL/tree-sitter/reports/java/java_file_performance.csv
[Saved] Coverage Report (CSV) -> /home/hyeonjin/PL/tree-sitter/reports/java/java_coverage.csv

  Total Elapsed: 7335s
  End   : 2026-04-19 18:07:35

============================================================
  Language : java
  Start    : 2026-04-20 00:08:49
============================================================
  [Step1 learn_collect(java)]
    - Skipped:   1
[*] Done! JSON saved to: /home/hyeonjin/PL/code-completion-extension/resources/java/candidates.json

  [Step2 collect_test(java)]
[*] Completed.
    - Success: 3022
    - Skipped: 1
    - Total Found: 3023
[*] Results are in: /home/hyeonjin/PL/benchmarks_collection/java/TEST_data

  [Step3 make_answers(java)]
[*] All done. Processed 3022/3022 files.

  [Step4 evaluate(java)]
[Global] Total Queries    : 1010240
[Global] Top-10 Count     : 951981
[Global] Top-10 Acc       : 94.2%
[Global] Top11~20 Count   : 42061
[Global] CPP Fail         : 0
[JAVA] Total Queries : 1010240
[JAVA] Found         : 1009203  (99.9%)
[JAVA] Not Found     : 1037  (0.1%)
[JAVA] Fail          : 0  (0.0%)
[Saved] File Report (CSV) -> /home/hyeonjin/PL/tree-sitter/reports/java/java_file_performance.csv
[Saved] Coverage Report (CSV) -> /home/hyeonjin/PL/tree-sitter/reports/java/java_coverage.csv

  Total Elapsed: 7344s
  End   : 2026-04-20 02:11:13

============================================================
  Language : java
  Start    : 2026-04-20 11:19:07
============================================================
  [Step1 learn_collect(java)]
    - Skipped:   1
[*] Done! JSON saved to: /home/hyeonjin/PL/code-completion-extension/resources/java/candidates.json

  [Step2 collect_test(java)]
[*] Completed.
    - Success: 3022
    - Skipped: 1
    - Total Found: 3023
[*] Results are in: /home/hyeonjin/PL/benchmarks_collection/java/TEST_data

  [Step3 make_answers(java)]
[*] All done. Processed 3022/3022 files.

  [Step4 evaluate(java)]
[Global] Total Queries    : 1010240
[Global] Top-10 Count     : 950379
[Global] Top-10 Acc       : 94.1%
[Global] Top11~20 Count   : 43775
[Global] CPP Fail         : 0
[JAVA] Total Queries : 1010240
[JAVA] Found         : 1008220  (99.8%)
[JAVA] Not Found     : 2020  (0.2%)
[JAVA] Fail          : 0  (0.0%)
[Saved] File Report (CSV) -> /home/hyeonjin/PL/tree-sitter/reports/java/java_file_performance.csv
[Saved] Coverage Report (CSV) -> /home/hyeonjin/PL/tree-sitter/reports/java/java_coverage.csv

  Total Elapsed: 7244s
  End   : 2026-04-20 13:19:51

============================================================
  Language : java
  Start    : 2026-04-20 14:35:21
============================================================
  [Step1 learn_collect(java)]
    - Skipped:   1
[*] Done! JSON saved to: /home/hyeonjin/PL/code-completion-extension/resources/java/candidates.json

  [Step2 collect_test(java)]
[*] Completed.
    - Success: 252
    - Skipped: 1
    - Total Found: 253
[*] Results are in: /home/hyeonjin/PL/benchmarks_collection/java/TEST_data

  [Step3 make_answers(java)]
[*] All done. Processed 252/252 files.

============================================================
  Language : java
  Start    : 2026-04-20 14:42:03
============================================================
  [Step1 learn_collect(java)]
    - Skipped:   1
[*] Done! JSON saved to: /home/hyeonjin/PL/code-completion-extension/resources/java/candidates.json

  [Step2 collect_test(java)]
[*] Completed.
    - Success: 252
    - Skipped: 1
    - Total Found: 253
[*] Results are in: /home/hyeonjin/PL/benchmarks_collection/java/TEST_data

  [Step3 make_answers(java)]
[*] All done. Processed 252/252 files.

  [Step4 evaluate(java)]
[Global] Total Queries    : 57443
[Global] Top-10 Count     : 52149
[Global] Top-10 Acc       : 90.8%
[Global] Top11~20 Count   : 3296
[Global] CPP Fail         : 0
[JAVA] Total Queries : 57443
[JAVA] Found         : 57241  (99.6%)
[JAVA] Not Found     : 202  (0.4%)
[JAVA] Fail          : 0  (0.0%)
[Saved] File Report (CSV) -> /home/hyeonjin/PL/tree-sitter/reports/java/java_file_performance.csv
[Saved] Coverage Report (CSV) -> /home/hyeonjin/PL/tree-sitter/reports/java/java_coverage.csv

  Total Elapsed: 323s
  End   : 2026-04-20 14:47:26

============================================================
  Language : java
  Start    : 2026-04-20 15:52:03
============================================================
  [Step1 learn_collect(java)]
    - Skipped:   1
[*] Done! JSON saved to: /home/hyeonjin/PL/code-completion-extension/resources/java/candidates.json

  [Step2 collect_test(java)]
[*] Completed.
    - Success: 318
    - Skipped: 1
    - Total Found: 319
[*] Results are in: /home/hyeonjin/PL/benchmarks_collection/java/TEST_data

  [Step3 make_answers(java)]
[*] All done. Processed 318/318 files.

  [Step4 evaluate(java)]
[Global] Total Queries    : 73230
[Global] Top-10 Count     : 66648
[Global] Top-10 Acc       : 91.0%
[Global] Top11~20 Count   : 4123
[Global] CPP Fail         : 0
[JAVA] Total Queries : 73230
[JAVA] Found         : 72995  (99.7%)
[JAVA] Not Found     : 235  (0.3%)
[JAVA] Fail          : 0  (0.0%)
[Saved] File Report (CSV) -> /home/hyeonjin/PL/tree-sitter/reports/java/java_file_performance.csv
[Saved] Coverage Report (CSV) -> /home/hyeonjin/PL/tree-sitter/reports/java/java_coverage.csv

  Total Elapsed: 392s
  End   : 2026-04-20 15:58:35

============================================================
  Language : java
  Start    : 2026-04-20 18:22:07
============================================================
  [Step1 learn_collect(java)]
    - Skipped:   1
[*] Done! JSON saved to: /home/hyeonjin/PL/code-completion-extension/resources/java/candidates.json

  [Step2 collect_test(java)]
[*] Completed.
    - Success: 205
    - Skipped: 0
    - Total Found: 205
[*] Results are in: /home/hyeonjin/PL/benchmarks_collection/java/TEST_data

  [Step3 make_answers(java)]
[*] All done. Processed 205/205 files.

  [Step4 evaluate(java)]
[Global] Total Queries    : 51365
[Global] Top-10 Count     : 47785
[Global] Top-10 Acc       : 93.0%
[Global] Top11~20 Count   : 2069
[Global] CPP Fail         : 0
[JAVA] Total Queries : 51365
[JAVA] Found         : 51159  (99.6%)
[JAVA] Not Found     : 206  (0.4%)
[JAVA] Fail          : 0  (0.0%)
[Saved] File Report (CSV) -> /home/hyeonjin/PL/tree-sitter/reports/java/java_file_performance.csv
[Saved] Coverage Report (CSV) -> /home/hyeonjin/PL/tree-sitter/reports/java/java_coverage.csv

  Total Elapsed: 559s
  End   : 2026-04-20 18:31:26

