============================================================
  Language : smallbasic
  Start    : 2026-04-16 14:50:04
============================================================
  [Step3 make_answers(smallbasic)]
[*] All done. Processed 33/33 files.

  [Step4 evaluate(smallbasic)]
[Global] Total Queries    : 19217
[Global] Top-10 Count     : 18690
[Global] Top-10 Acc       : 97.3%
[Global] Top11~20 Count   : 522
[Global] CPP Fail         : 0
[SMALLBASIC] Total Queries : 19217
[SMALLBASIC] Found         : 19217  (100.0%)
[SMALLBASIC] Not Found     : 0  (0.0%)
[SMALLBASIC] Fail          : 0  (0.0%)
[Saved] File Report (CSV) -> /home/hyeonjin/PL/tree-sitter/reports/smallbasic/smallbasic_file_performance.csv
[Saved] Coverage Report (CSV) -> /home/hyeonjin/PL/tree-sitter/reports/smallbasic/smallbasic_coverage.csv

  Total Elapsed: 587s
  End   : 2026-04-16 14:59:51

