============================================================
  Language : cpp
  Start    : 2026-04-16 14:50:04
============================================================
  [Step3 make_answers(cpp)]
[*] All done. Processed 949/949 files.

  [Step4 evaluate(cpp)]
[Global] Total Queries    : 296805
[Global] Top-10 Count     : 266907
[Global] Top-10 Acc       : 89.9%
[Global] Top11~20 Count   : 21279
[Global] CPP Fail         : 0
[CPP] Total Queries : 296805
[CPP] Found         : 296146  (99.8%)
[CPP] Not Found     : 659  (0.2%)
[CPP] Fail          : 0  (0.0%)
[Saved] File Report (CSV) -> /home/hyeonjin/PL/tree-sitter/reports/cpp/cpp_file_performance.csv
[Saved] Coverage Report (CSV) -> /home/hyeonjin/PL/tree-sitter/reports/cpp/cpp_coverage.csv

  Total Elapsed: 1804s
  End   : 2026-04-16 15:20:08

