############################################################
  run_pipeline_all.sh
  Start   : 2026-04-02 16:26:55
  Languages: cpp
  Options : none
  Log file: /home/hyeonjin/PL/tree-sitter/pipeline_all_20260402_162655.log
############################################################

============================================================
  [ALL] >>> Language: cpp
  [ALL]     Start   : 2026-04-02 16:26:55
============================================================
============================================================
  Language : cpp
  Start    : 2026-04-02 16:26:55
============================================================

>>> [Step 1/4] rebuild_all
    Script : /home/hyeonjin/PL/tree-sitter/rebuild_all_cpp.sh
=== [0] Sanity Checks ===

=== [1] Cargo Build (Tree-sitter CLI) ===
   Compiling tree-sitter v0.26.0 (/home/hyeonjin/PL/tree-sitter/lib)
   Compiling tree-sitter-loader v0.26.0 (/home/hyeonjin/PL/tree-sitter/crates/loader)
   Compiling tree-sitter-cli v0.26.0 (/home/hyeonjin/PL/tree-sitter/crates/cli)
warning: hiding a lifetime that's elided elsewhere is confusing
   --> lib/binding_rust/lib.rs:695:19
    |
695 |     pub fn logger(&self) -> Option<&Logger> {
    |                   ^^^^^            ^^^^^^^
    |                   |                ||
    |                   |                |the same lifetime is hidden here
    |                   |                the same lifetime is elided here
    |                   the lifetime is elided here
    |
    = help: the same lifetime is referred to in inconsistent ways, making the signature confusing
    = note: `#[warn(mismatched_lifetime_syntaxes)]` on by default
help: use `'_` for type paths
    |
695 |     pub fn logger(&self) -> Option<&Logger<'_>> {
    |                                           ++++

warning: hiding a lifetime that's elided elsewhere is confusing
    --> lib/binding_rust/lib.rs:1455:22
     |
1455 |     pub fn root_node(&self) -> Node {
     |                      ^^^^^     ^^^^ the same lifetime is hidden here
     |                      |
     |                      the lifetime is elided here
     |
     = help: the same lifetime is referred to in inconsistent ways, making the signature confusing
help: use `'_` for type paths
     |
1455 |     pub fn root_node(&self) -> Node<'_> {
     |                                    ++++

warning: hiding a lifetime that's elided elsewhere is confusing
    --> lib/binding_rust/lib.rs:1463:34
     |
1463 |     pub fn root_node_with_offset(&self, offset_bytes: usize, offset_extent: Point) -> Node {
     |                                  ^^^^^ the lifetime is elided here                    ^^^^ the same lifetime is hidden here
     |
     = help: the same lifetime is referred to in inconsistent ways, making the signature confusing
help: use `'_` for type paths
     |
1463 |     pub fn root_node_with_offset(&self, offset_bytes: usize, offset_extent: Point) -> Node<'_> {
     |                                                                                           ++++

warning: hiding a lifetime that's elided elsewhere is confusing
    --> lib/binding_rust/lib.rs:1477:21
     |
1477 |     pub fn language(&self) -> LanguageRef {
     |                     ^^^^^     ^^^^^^^^^^^ the same lifetime is hidden here
     |                     |
     |                     the lifetime is elided here
     |
     = help: the same lifetime is referred to in inconsistent ways, making the signature confusing
help: use `'_` for type paths
     |
1477 |     pub fn language(&self) -> LanguageRef<'_> {
     |                                          ++++

warning: hiding a lifetime that's elided elsewhere is confusing
    --> lib/binding_rust/lib.rs:1497:17
     |
1497 |     pub fn walk(&self) -> TreeCursor {
     |                 ^^^^^     ^^^^^^^^^^ the same lifetime is hidden here
     |                 |
     |                 the lifetime is elided here
     |
     = help: the same lifetime is referred to in inconsistent ways, making the signature confusing
help: use `'_` for type paths
     |
1497 |     pub fn walk(&self) -> TreeCursor<'_> {
     |                                     ++++

warning: hiding a lifetime that's elided elsewhere is confusing
    --> lib/binding_rust/lib.rs:1640:21
     |
1640 |     pub fn language(&self) -> LanguageRef {
     |                     ^^^^^     ^^^^^^^^^^^ the same lifetime is hidden here
     |                     |
     |                     the lifetime is elided here
     |
     = help: the same lifetime is referred to in inconsistent ways, making the signature confusing
help: use `'_` for type paths
     |
1640 |     pub fn language(&self) -> LanguageRef<'_> {
     |                                          ++++

   Compiling tree-sitter-generate v0.26.0 (/home/hyeonjin/PL/tree-sitter/crates/generate)
warning: `tree-sitter` (lib) generated 6 warnings (run `cargo fix --lib -p tree-sitter` to apply 6 suggestions)
   Compiling tree-sitter-highlight v0.26.0 (/home/hyeonjin/PL/tree-sitter/crates/highlight)
   Compiling tree-sitter-tags v0.26.0 (/home/hyeonjin/PL/tree-sitter/crates/tags)
warning: variable does not need to be mutable
   --> crates/generate/src/build_tables.rs:345:21
    |
345 |                 let mut sym_str = get_pretty_symbol_name(
    |                     ----^^^^^^^
    |                     |
    |                     help: remove this `mut`
    |
    = note: `#[warn(unused_mut)]` (part of `#[warn(unused)]`) on by default

warning: unused variable: `input_grammar`
  --> crates/generate/src/build_tables.rs:46:5
   |
46 |     input_grammar: &InputGrammar,
   |     ^^^^^^^^^^^^^ help: if this is intentional, prefix it with an underscore: `_input_grammar`
   |
   = note: `#[warn(unused_variables)]` (part of `#[warn(unused)]`) on by default

warning: unused variable: `dynamic_precedence`
   --> crates/generate/src/build_tables.rs:976:25
    |
976 |                         dynamic_precedence,
    |                         ^^^^^^^^^^^^^^^^^^ help: try ignoring the field: `dynamic_precedence: _`

warning: unused variable: `production_id`
   --> crates/generate/src/build_tables.rs:977:25
    |
977 |                         production_id,
    |                         ^^^^^^^^^^^^^ help: try ignoring the field: `production_id: _`

warning: unused variable: `nt_idx`
    --> crates/generate/src/build_tables.rs:1223:10
     |
1223 |     for (nt_idx, var) in syntax_grammar.variables.iter().enumerate() {
     |          ^^^^^^ help: if this is intentional, prefix it with an underscore: `_nt_idx`

warning: unused variable: `prod_idx`
    --> crates/generate/src/build_tables.rs:1224:14
     |
1224 |         for (prod_idx, prod) in var.productions.iter().enumerate() {
     |              ^^^^^^^^ help: if this is intentional, prefix it with an underscore: `_prod_idx`

warning: hiding a lifetime that's elided elsewhere is confusing
   --> crates/loader/src/loader.rs:542:44
    |
542 |     pub fn get_all_language_configurations(&self) -> Vec<(&LanguageConfiguration, &Path)> {
    |                                            ^^^^^          ^^^^^^^^^^^^^^^^^^^^^^  ^^^^^ the same lifetime is elided here
    |                                            |              ||
    |                                            |              |the same lifetime is hidden here
    |                                            |              the same lifetime is elided here
    |                                            the lifetime is elided here
    |
    = help: the same lifetime is referred to in inconsistent ways, making the signature confusing
    = note: `#[warn(mismatched_lifetime_syntaxes)]` on by default
help: use `'_` for type paths
    |
542 |     pub fn get_all_language_configurations(&self) -> Vec<(&LanguageConfiguration<'_>, &Path)> {
    |                                                                                 ++++

warning: hiding a lifetime that's elided elsewhere is confusing
   --> crates/loader/src/loader.rs:550:9
    |
550 |         &self,
    |         ^^^^^ the lifetime is elided here
551 |         scope: &str,
552 |     ) -> Result<Option<(Language, &LanguageConfiguration)>> {
    |                                   ^^^^^^^^^^^^^^^^^^^^^^
    |                                   ||
    |                                   |the same lifetime is hidden here
    |                                   the same lifetime is elided here
    |
    = help: the same lifetime is referred to in inconsistent ways, making the signature confusing
help: use `'_` for type paths
    |
552 |     ) -> Result<Option<(Language, &LanguageConfiguration<'_>)>> {
    |                                                         ++++

warning: hiding a lifetime that's elided elsewhere is confusing
   --> crates/loader/src/loader.rs:563:9
    |
563 |         &self,
    |         ^^^^^ the lifetime is elided here
564 |         path: &Path,
565 |     ) -> Result<Option<(Language, &LanguageConfiguration)>> {
    |                                   ^^^^^^^^^^^^^^^^^^^^^^
    |                                   ||
    |                                   |the same lifetime is hidden here
    |                                   the same lifetime is elided here
    |
    = help: the same lifetime is referred to in inconsistent ways, making the signature confusing
help: use `'_` for type paths
    |
565 |     ) -> Result<Option<(Language, &LanguageConfiguration<'_>)>> {
    |                                                         ++++

warning: hiding a lifetime that's elided elsewhere is confusing
   --> crates/loader/src/loader.rs:587:9
    |
587 |         &self,
    |         ^^^^^ the lifetime is elided here
588 |         path: &Path,
589 |     ) -> Result<Option<(Language, &LanguageConfiguration)>> {
    |                                   ^^^^^^^^^^^^^^^^^^^^^^
    |                                   ||
    |                                   |the same lifetime is hidden here
    |                                   the same lifetime is elided here
    |
    = help: the same lifetime is referred to in inconsistent ways, making the signature confusing
help: use `'_` for type paths
    |
589 |     ) -> Result<Option<(Language, &LanguageConfiguration<'_>)>> {
    |                                                         ++++

warning: hiding a lifetime that's elided elsewhere is confusing
   --> crates/loader/src/loader.rs:659:9
    |
659 |         &self,
    |         ^^^^^ the lifetime is elided here
660 |         string: &str,
661 |     ) -> Result<Option<(Language, &LanguageConfiguration)>> {
    |                                   ^^^^^^^^^^^^^^^^^^^^^^
    |                                   ||
    |                                   |the same lifetime is hidden here
    |                                   the same lifetime is elided here
    |
    = help: the same lifetime is referred to in inconsistent ways, making the signature confusing
help: use `'_` for type paths
    |
661 |     ) -> Result<Option<(Language, &LanguageConfiguration<'_>)>> {
    |                                                         ++++

warning: hiding a lifetime that's elided elsewhere is confusing
    --> crates/loader/src/loader.rs:1213:55
     |
1213 |     pub fn get_language_configuration_in_current_path(&self) -> Option<&LanguageConfiguration> {
     |                                                       ^^^^^            ^^^^^^^^^^^^^^^^^^^^^^
     |                                                       |                ||
     |                                                       |                |the same lifetime is hidden here
     |                                                       |                the same lifetime is elided here
     |                                                       the lifetime is elided here
     |
     = help: the same lifetime is referred to in inconsistent ways, making the signature confusing
help: use `'_` for type paths
     |
1213 |     pub fn get_language_configuration_in_current_path(&self) -> Option<&LanguageConfiguration<'_>> {
     |                                                                                              ++++

warning: hiding a lifetime that's elided elsewhere is confusing
    --> crates/loader/src/loader.rs:1219:9
     |
1219 |         &mut self,
     |         ^^^^^^^^^ the lifetime is elided here
...
1222 |     ) -> Result<&[LanguageConfiguration]> {
     |                 ^^^^^^^^^^^^^^^^^^^^^^^^
     |                 | |
     |                 | the same lifetime is hidden here
     |                 the same lifetime is elided here
     |
     = help: the same lifetime is referred to in inconsistent ways, making the signature confusing
help: use `'_` for type paths
     |
1222 |     ) -> Result<&[LanguageConfiguration<'_>]> {
     |                                        ++++

warning: `tree-sitter-loader` (lib) generated 7 warnings (run `cargo fix --lib -p tree-sitter-loader` to apply 7 suggestions)
warning: `tree-sitter-generate` (lib) generated 6 warnings (run `cargo fix --lib -p tree-sitter-generate` to apply 6 suggestions)
    Finished `dev` profile [unoptimized + debuginfo] target(s) in 1.69s

=== [2] Generate/Build (tree-sitter-cpp) ===
 -> Cleaning up old artifacts...
 -> Installing npm dependencies (tree-sitter-c)...

up to date, audited 129 packages in 759ms

27 packages are looking for funding
  run `npm fund` for details

8 vulnerabilities (1 low, 3 moderate, 4 high)

To address all issues, run:
  npm audit fix

Run `npm audit` for details.
[Custom] Generated token_mapping.json -> /home/hyeonjin/PL/code-completion-extension/resources/cpp/token_mapping.json
[Custom] Dumping Core Items to 'LR_Items_By_Core.txt'...
[Custom] Step 1 Complete.
[Custom] Merging 'LR_Items_By_Core.txt' into final 'LR_Items_Dump.txt'...
[Custom] Merge Complete. 'LR_Items_Dump.txt' is ready.

=== [3] Optional Parse Smoke Test ===
/home/hyeonjin/PL/tree-sitter/rebuild_all_cpp.sh: line 67: 42957 Segmentation fault      (core dumped) "$TS_CLI" parse "$SAMPLE_TMP" --quiet 2> /dev/null
 -> (warn) Parse test failed — skipping.

=== [4] Rebuild TreeSitterCutFile (g++) ===
 -> Compiling lib.c...
 -> Compiling TreeSitterCutFile.cpp...
 -> Linking...
 -> Build success: TreeSitterCutFile.exe

=== [5] Run Collection ===
[Info] Removed existing directory: /home/hyeonjin/PL/benchmarks_collection/cpp/LEARN_data
[Info] Created output directory: /home/hyeonjin/PL/benchmarks_collection/cpp/LEARN_data
[*] Starting recursive scan in: /home/hyeonjin/PL/codecompletion_benchmarks/cpp/LEARN
Processing: json-develop/tools/macro_builder/main.cpp ...
Processing: json-develop/cmake/detect_libcpp_version.cpp ...
Processing: Catch2-devel/.conan/test_package/test_package.cpp ...
Processing: Catch2-devel/extras/catch_amalgamated.cpp ...
Processing: Catch2-devel/examples/020-TestCase-2.cpp ...
Processing: Catch2-devel/examples/020-TestCase-1.cpp ...
Processing: Catch2-devel/examples/301-Gen-MapTypeConversion.cpp ...
Processing: Catch2-devel/examples/111-Fix-PersistentFixture.cpp ...
Processing: Catch2-devel/examples/311-Gen-CustomCapture.cpp ...
Processing: Catch2-devel/examples/310-Gen-VariablesInGenerators.cpp ...
Processing: Catch2-devel/examples/300-Gen-OwnGenerator.cpp ...
Processing: Catch2-devel/examples/010-TestCase.cpp ...
Processing: Catch2-devel/examples/110-Fix-ClassFixture.cpp ...
Processing: Catch2-devel/examples/210-Evt-EventListeners.cpp ...
Processing: Catch2-devel/examples/030-Asn-Require-Check.cpp ...
Processing: Catch2-devel/examples/232-Cfg-CustomMain.cpp ...
Processing: Catch2-devel/examples/302-Gen-Table.cpp ...
Processing: Catch2-devel/examples/231-Cfg-OutputStreams.cpp ...
Processing: Catch2-devel/examples/120-Bdd-ScenarioGivenWhenThen.cpp ...
Processing: Catch2-devel/examples/100-Fix-Section.cpp ...
Processing: Catch2-devel/fuzzing/fuzz_textflow.cpp ...
Processing: Catch2-devel/fuzzing/fuzz_TestSpecParser.cpp ...
Processing: Catch2-devel/fuzzing/NullOStream.cpp ...
Processing: Catch2-devel/fuzzing/fuzz_XmlWriter.cpp ...
Processing: Catch2-devel/tools/misc/coverage-helper.cpp ...
Processing: Catch2-devel/src/catch2/catch_session.cpp ...
Processing: Catch2-devel/src/catch2/catch_assertion_result.cpp ...
Processing: Catch2-devel/src/catch2/catch_approx.cpp ...
Processing: Catch2-devel/src/catch2/catch_registry_hub.cpp ...
Processing: Catch2-devel/src/catch2/catch_totals.cpp ...
Processing: Catch2-devel/src/catch2/catch_tostring.cpp ...
Processing: Catch2-devel/src/catch2/catch_version.cpp ...
Processing: Catch2-devel/src/catch2/catch_tag_alias_autoregistrar.cpp ...
Processing: Catch2-devel/src/catch2/catch_timer.cpp ...
Processing: Catch2-devel/src/catch2/catch_message.cpp ...
Processing: Catch2-devel/src/catch2/catch_translate_exception.cpp ...
Processing: Catch2-devel/src/catch2/catch_config.cpp ...
Processing: Catch2-devel/src/catch2/catch_get_random_seed.cpp ...
Processing: Catch2-devel/src/catch2/catch_test_spec.cpp ...
Processing: Catch2-devel/src/catch2/catch_test_case_info.cpp ...
Processing: Catch2-devel/src/catch2/internal/catch_test_registry.cpp ...
Processing: Catch2-devel/src/catch2/internal/catch_run_context.cpp ...
Processing: Catch2-devel/src/catch2/internal/catch_floating_point_helpers.cpp ...
Processing: Catch2-devel/src/catch2/internal/catch_startup_exception_registry.cpp ...
Processing: Catch2-devel/src/catch2/internal/catch_polyfills.cpp ...
Processing: Catch2-devel/src/catch2/internal/catch_test_case_info_hasher.cpp ...
Processing: Catch2-devel/src/catch2/internal/catch_parse_numbers.cpp ...
Processing: Catch2-devel/src/catch2/internal/catch_output_redirect.cpp ...
Processing: Catch2-devel/src/catch2/internal/catch_string_manip.cpp ...
Processing: Catch2-devel/src/catch2/internal/catch_enforce.cpp ...
Processing: Catch2-devel/src/catch2/internal/catch_random_seed_generation.cpp ...
Processing: Catch2-devel/src/catch2/internal/catch_leak_detector.cpp ...
Processing: Catch2-devel/src/catch2/internal/catch_errno_guard.cpp ...
Processing: Catch2-devel/src/catch2/internal/catch_textflow.cpp ...
Processing: Catch2-devel/src/catch2/internal/catch_reusable_string_stream.cpp ...
Processing: Catch2-devel/src/catch2/internal/catch_assertion_handler.cpp ...
Processing: Catch2-devel/src/catch2/internal/catch_list.cpp ...
Processing: Catch2-devel/src/catch2/internal/catch_uncaught_exceptions.cpp ...
Processing: Catch2-devel/src/catch2/internal/catch_reporter_spec_parser.cpp ...
Processing: Catch2-devel/src/catch2/internal/catch_xmlwriter.cpp ...
Processing: Catch2-devel/src/catch2/internal/catch_test_case_tracker.cpp ...
Processing: Catch2-devel/src/catch2/internal/catch_section.cpp ...
Processing: Catch2-devel/src/catch2/internal/catch_console_colour.cpp ...
Processing: Catch2-devel/src/catch2/internal/catch_test_case_registry_impl.cpp ...
Processing: Catch2-devel/src/catch2/internal/catch_fatal_condition_handler.cpp ...
Processing: Catch2-devel/src/catch2/internal/catch_tag_alias_registry.cpp ...
Processing: Catch2-devel/src/catch2/internal/catch_commandline.cpp ...
Processing: Catch2-devel/src/catch2/internal/catch_enum_values_registry.cpp ...
Processing: Catch2-devel/src/catch2/internal/catch_random_number_generator.cpp ...
Processing: Catch2-devel/src/catch2/internal/catch_source_line_info.cpp ...
Processing: Catch2-devel/src/catch2/internal/catch_debug_console.cpp ...
Processing: Catch2-devel/src/catch2/internal/catch_test_failure_exception.cpp ...
Processing: Catch2-devel/src/catch2/internal/catch_istream.cpp ...
Processing: Catch2-devel/src/catch2/internal/catch_test_spec_parser.cpp ...
Processing: Catch2-devel/src/catch2/internal/catch_singletons.cpp ...
Processing: Catch2-devel/src/catch2/internal/catch_wildcard_pattern.cpp ...
Processing: Catch2-devel/src/catch2/internal/catch_getenv.cpp ...
Processing: Catch2-devel/src/catch2/internal/catch_main.cpp ...
Processing: Catch2-devel/src/catch2/internal/catch_decomposer.cpp ...
Processing: Catch2-devel/src/catch2/internal/catch_exception_translator_registry.cpp ...
Processing: Catch2-devel/src/catch2/internal/catch_stdstreams.cpp ...
Processing: Catch2-devel/src/catch2/internal/catch_jsonwriter.cpp ...
Processing: Catch2-devel/src/catch2/internal/catch_stringref.cpp ...
Processing: Catch2-devel/src/catch2/internal/catch_message_info.cpp ...
Processing: Catch2-devel/src/catch2/internal/catch_lazy_expr.cpp ...
Processing: Catch2-devel/src/catch2/internal/catch_debugger.cpp ...
Processing: Catch2-devel/src/catch2/internal/catch_clara.cpp ...
Processing: Catch2-devel/src/catch2/internal/catch_reporter_registry.cpp ...
Processing: Catch2-devel/src/catch2/internal/catch_context.cpp ...
Processing: Catch2-devel/src/catch2/internal/catch_case_insensitive_comparisons.cpp ...
Processing: Catch2-devel/src/catch2/generators/catch_generators.cpp ...
Processing: Catch2-devel/src/catch2/generators/catch_generators_throw.cpp ...
Processing: Catch2-devel/src/catch2/generators/catch_generator_exception.cpp ...
Processing: Catch2-devel/src/catch2/generators/catch_generators_random.cpp ...
Processing: Catch2-devel/src/catch2/interfaces/catch_interfaces_config.cpp ...
Processing: Catch2-devel/src/catch2/interfaces/catch_interfaces_reporter_factory.cpp ...
Processing: Catch2-devel/src/catch2/interfaces/catch_interfaces_capture.cpp ...
Processing: Catch2-devel/src/catch2/interfaces/catch_interfaces_registry_hub.cpp ...
Processing: Catch2-devel/src/catch2/interfaces/catch_interfaces_reporter.cpp ...
Processing: Catch2-devel/src/catch2/interfaces/catch_interfaces_generatortracker.cpp ...
Processing: Catch2-devel/src/catch2/interfaces/catch_interfaces_testcase.cpp ...
Processing: Catch2-devel/src/catch2/interfaces/catch_interfaces_exception.cpp ...
Processing: Catch2-devel/src/catch2/matchers/catch_matchers_floating_point.cpp ...
Processing: Catch2-devel/src/catch2/matchers/catch_matchers_quantifiers.cpp ...
Processing: Catch2-devel/src/catch2/matchers/catch_matchers_container_properties.cpp ...
Processing: Catch2-devel/src/catch2/matchers/catch_matchers_templated.cpp ...
Processing: Catch2-devel/src/catch2/matchers/catch_matchers_string.cpp ...
Processing: Catch2-devel/src/catch2/matchers/catch_matchers.cpp ...
Processing: Catch2-devel/src/catch2/matchers/catch_matchers_exception.cpp ...
Processing: Catch2-devel/src/catch2/matchers/catch_matchers_predicate.cpp ...
Processing: Catch2-devel/src/catch2/matchers/internal/catch_matchers_impl.cpp ...
Processing: Catch2-devel/src/catch2/reporters/catch_reporter_sonarqube.cpp ...
Processing: Catch2-devel/src/catch2/reporters/catch_reporter_console.cpp ...
Processing: Catch2-devel/src/catch2/reporters/catch_reporter_junit.cpp ...
Processing: Catch2-devel/src/catch2/reporters/catch_reporter_tap.cpp ...
Processing: Catch2-devel/src/catch2/reporters/catch_reporter_automake.cpp ...
Processing: Catch2-devel/src/catch2/reporters/catch_reporter_compact.cpp ...
Processing: Catch2-devel/src/catch2/reporters/catch_reporter_streaming_base.cpp ...
Processing: Catch2-devel/src/catch2/reporters/catch_reporter_event_listener.cpp ...
Processing: Catch2-devel/src/catch2/reporters/catch_reporter_registrars.cpp ...
Processing: Catch2-devel/src/catch2/reporters/catch_reporter_multi.cpp ...
Processing: Catch2-devel/src/catch2/reporters/catch_reporter_teamcity.cpp ...
Processing: Catch2-devel/src/catch2/reporters/catch_reporter_xml.cpp ...
Processing: Catch2-devel/src/catch2/reporters/catch_reporter_cumulative_base.cpp ...
Processing: Catch2-devel/src/catch2/reporters/catch_reporter_json.cpp ...
Processing: Catch2-devel/src/catch2/reporters/catch_reporter_common_base.cpp ...
Processing: Catch2-devel/src/catch2/reporters/catch_reporter_helpers.cpp ...
Processing: CMake-master/Utilities/cmcppdap/src/session_test.cpp ...
Processing: CMake-master/Utilities/cmcppdap/src/protocol_events.cpp ...
Processing: CMake-master/Utilities/cmcppdap/src/traits_test.cpp ...
Processing: CMake-master/Utilities/cmcppdap/src/protocol_response.cpp ...
Processing: CMake-master/Utilities/cmcppdap/src/session.cpp ...
Processing: CMake-master/Utilities/cmcppdap/src/io.cpp ...
Processing: CMake-master/Utilities/cmcppdap/src/variant_test.cpp ...
Processing: CMake-master/Utilities/cmcppdap/src/dap_test.cpp ...
Processing: CMake-master/Utilities/cmcppdap/src/socket.cpp ...
Processing: CMake-master/Utilities/cmcppdap/src/protocol_requests.cpp ...
Processing: CMake-master/Utilities/cmcppdap/src/protocol_types.cpp ...
Processing: CMake-master/Utilities/cmcppdap/src/null_json_serializer.cpp ...
Processing: CMake-master/Utilities/cmcppdap/src/typeinfo.cpp ...
Processing: CMake-master/Utilities/cmcppdap/src/network.cpp ...
Processing: CMake-master/Utilities/cmcppdap/src/json_serializer_test.cpp ...
Processing: CMake-master/Utilities/cmcppdap/src/rwmutex_test.cpp ...
Processing: CMake-master/Utilities/cmcppdap/src/any_test.cpp ...
Processing: CMake-master/Utilities/cmcppdap/src/nlohmann_json_serializer.cpp ...
Processing: CMake-master/Utilities/cmcppdap/src/jsoncpp_json_serializer.cpp ...
Processing: CMake-master/Utilities/cmcppdap/src/network_test.cpp ...
Processing: CMake-master/Utilities/cmcppdap/src/socket_test.cpp ...
Processing: CMake-master/Utilities/cmcppdap/src/chan_test.cpp ...
Processing: CMake-master/Utilities/cmcppdap/src/rapid_json_serializer.cpp ...
Processing: CMake-master/Utilities/cmcppdap/src/typeof.cpp ...
Processing: CMake-master/Utilities/cmcppdap/src/optional_test.cpp ...
Processing: CMake-master/Utilities/cmcppdap/src/content_stream.cpp ...
Processing: CMake-master/Utilities/cmcppdap/src/typeinfo_test.cpp ...
Processing: CMake-master/Utilities/cmcppdap/src/content_stream_test.cpp ...
Processing: CMake-master/Utilities/Release/WiX/CustomAction/detect_nsis_overwrite.cpp ...
Processing: CMake-master/Utilities/cmjsoncpp/src/lib_json/json_writer.cpp ...
Processing: CMake-master/Utilities/cmjsoncpp/src/lib_json/json_reader.cpp ...
Processing: CMake-master/Utilities/cmjsoncpp/src/lib_json/json_value.cpp ...
Processing: CMake-master/Modules/CMakeCXXCompilerABI.cpp ...
Processing: CMake-master/Modules/CheckIPOSupported/main.cpp ...
Processing: CMake-master/Modules/CheckIPOSupported/foo.cpp ...
Processing: CMake-master/Source/Checks/cm_cxx14_check.cpp ...
Processing: CMake-master/Source/Checks/cm_cxx17_check.cpp ...

==============================
[*] SCAN COMPLETED
    - Processed: 164
    - Skipped:   0
    - Total:     164
    - Saved in:  /home/hyeonjin/PL/benchmarks_collection/cpp/LEARN_data
    - Log file:  /home/hyeonjin/PL/benchmarks_collection/cpp/LEARN_data/skipped_files.txt
==============================
[Info] Removed existing output file: /home/hyeonjin/PL/code-completion-extension/resources/cpp/candidates.json
[*] Found 164 files. Starting SQLite aggregation...
[*] Aggregation finished. Writing directly to JSON...
[*] Done! JSON saved to: /home/hyeonjin/PL/code-completion-extension/resources/cpp/candidates.json

=== [6] Rebuild VSCode Addon (.node) ===
 -> Running npm ci...

> sb@0.0.1 install
> node-gyp rebuild

gyp info it worked if it ends with ok
gyp info using node-gyp@12.1.0
gyp info using node@24.12.0 | linux | x64
gyp info find Python using Python version 3.10.12 found at "/usr/bin/python3"

gyp info spawn /usr/bin/python3
gyp info spawn args [
gyp info spawn args '/home/hyeonjin/PL/code-completion-extension/node_modules/node-gyp/gyp/gyp_main.py',
gyp info spawn args 'binding.gyp',
gyp info spawn args '-f',
gyp info spawn args 'make',
gyp info spawn args '-I',
gyp info spawn args '/home/hyeonjin/PL/code-completion-extension/build/config.gypi',
gyp info spawn args '-I',
gyp info spawn args '/home/hyeonjin/PL/code-completion-extension/node_modules/node-gyp/addon.gypi',
gyp info spawn args '-I',
gyp info spawn args '/home/hyeonjin/.cache/node-gyp/24.12.0/include/node/common.gypi',
gyp info spawn args '-Dlibrary=shared_library',
gyp info spawn args '-Dvisibility=default',
gyp info spawn args '-Dnode_root_dir=/home/hyeonjin/.cache/node-gyp/24.12.0',
gyp info spawn args '-Dnode_gyp_dir=/home/hyeonjin/PL/code-completion-extension/node_modules/node-gyp',
gyp info spawn args '-Dnode_lib_file=/home/hyeonjin/.cache/node-gyp/24.12.0/<(target_arch)/node.lib',
gyp info spawn args '-Dmodule_root_dir=/home/hyeonjin/PL/code-completion-extension',
gyp info spawn args '-Dnode_engine=v8',
gyp info spawn args '--depth=.',
gyp info spawn args '--no-parallel',
gyp info spawn args '--generator-output',
gyp info spawn args 'build',
gyp info spawn args '-Goutput_dir=.'
gyp info spawn args ]
gyp info spawn make
gyp info spawn args [ 'BUILDTYPE=Release', '-C', 'build' ]
make: Entering directory '/home/hyeonjin/PL/code-completion-extension/build'
  CXX(target) Release/obj.target/c_parser_addon/native/src/addon.o
../native/src/addon.cc: In function 'size_t FindByteOffsetForPosition(const string&, uint32_t, uint32_t)':
../native/src/addon.cc:61:20: warning: unused variable 'tab_width' [-Wunused-variable]
   61 |     const uint32_t tab_width = 4;
      |                    ^~~~~~~~~
  CC(target) Release/obj.target/c_parser_addon/../tree-sitter/lib/src/lib.o
In file included from ../../tree-sitter/lib/src/././././subtree.h:12,
                 from ../../tree-sitter/lib/src/./././tree_cursor.h:4,
                 from ../../tree-sitter/lib/src/././get_changed_ranges.h:8,
                 from ../../tree-sitter/lib/src/./get_changed_ranges.c:1,
                 from ../../tree-sitter/lib/src/lib.c:2:
../../tree-sitter/lib/src/./parser.c: In function 'ts_parser_write_logged_actions':
../../tree-sitter/lib/src/./././././array.h:107:42: warning: value computed is not used [-Wunused-value]
  107 | #define array_pop(self) ((self)->contents[--(self)->size])
      |                         ~~~~~~~~~~~~~~~~~^~~~~~~~~~~~~~~~~
../../tree-sitter/lib/src/./parser.c:3013:39: note: in expansion of macro 'array_pop'
 3013 |           if (DebugLogStack.size > 0) array_pop(&DebugLogStack);
      |                                       ^~~~~~~~~
In file included from ../../tree-sitter/lib/src/lib.c:6:
../../tree-sitter/lib/src/./parser.c: In function 'ts_parser_parse_for_conversion':
../../tree-sitter/lib/src/./parser.c:3319:11: warning: unused variable 'result' [-Wunused-variable]
 3319 |   TSTree *result = NULL;
      |           ^~~~~~
  CC(target) Release/obj.target/c_parser_addon/../tree-sitter-c/src/parser.o
  SOLINK_MODULE(target) Release/obj.target/c_parser_addon.node
  COPY Release/c_parser_addon.node
  CXX(target) Release/obj.target/sb_parser_addon/native/src/addon.o
../native/src/addon.cc: In function 'size_t FindByteOffsetForPosition(const string&, uint32_t, uint32_t)':
../native/src/addon.cc:61:20: warning: unused variable 'tab_width' [-Wunused-variable]
   61 |     const uint32_t tab_width = 4;
      |                    ^~~~~~~~~
  CC(target) Release/obj.target/sb_parser_addon/../tree-sitter/lib/src/lib.o
In file included from ../../tree-sitter/lib/src/././././subtree.h:12,
                 from ../../tree-sitter/lib/src/./././tree_cursor.h:4,
                 from ../../tree-sitter/lib/src/././get_changed_ranges.h:8,
                 from ../../tree-sitter/lib/src/./get_changed_ranges.c:1,
                 from ../../tree-sitter/lib/src/lib.c:2:
../../tree-sitter/lib/src/./parser.c: In function 'ts_parser_write_logged_actions':
../../tree-sitter/lib/src/./././././array.h:107:42: warning: value computed is not used [-Wunused-value]
  107 | #define array_pop(self) ((self)->contents[--(self)->size])
      |                         ~~~~~~~~~~~~~~~~~^~~~~~~~~~~~~~~~~
../../tree-sitter/lib/src/./parser.c:3013:39: note: in expansion of macro 'array_pop'
 3013 |           if (DebugLogStack.size > 0) array_pop(&DebugLogStack);
      |                                       ^~~~~~~~~
In file included from ../../tree-sitter/lib/src/lib.c:6:
../../tree-sitter/lib/src/./parser.c: In function 'ts_parser_parse_for_conversion':
../../tree-sitter/lib/src/./parser.c:3319:11: warning: unused variable 'result' [-Wunused-variable]
 3319 |   TSTree *result = NULL;
      |           ^~~~~~
  CC(target) Release/obj.target/sb_parser_addon/../tree-sitter-smallbasic/src/parser.o
  SOLINK_MODULE(target) Release/obj.target/sb_parser_addon.node
  COPY Release/sb_parser_addon.node
make: Leaving directory '/home/hyeonjin/PL/code-completion-extension/build'
gyp info ok 

added 315 packages, and audited 316 packages in 9s

61 packages are looking for funding
  run `npm fund` for details

26 vulnerabilities (4 low, 5 moderate, 16 high, 1 critical)

To address all issues, run:
  npm audit fix

Run `npm audit` for details.
 -> Running node-gyp rebuild...
gyp info it worked if it ends with ok
gyp info using node-gyp@12.1.0
gyp info using node@24.12.0 | linux | x64
gyp info find Python using Python version 3.10.12 found at "/usr/bin/python3"

gyp info spawn /usr/bin/python3
gyp info spawn args [
gyp info spawn args '/home/hyeonjin/PL/code-completion-extension/node_modules/node-gyp/gyp/gyp_main.py',
gyp info spawn args 'binding.gyp',
gyp info spawn args '-f',
gyp info spawn args 'make',
gyp info spawn args '-I',
gyp info spawn args '/home/hyeonjin/PL/code-completion-extension/build/config.gypi',
gyp info spawn args '-I',
gyp info spawn args '/home/hyeonjin/PL/code-completion-extension/node_modules/node-gyp/addon.gypi',
gyp info spawn args '-I',
gyp info spawn args '/home/hyeonjin/.cache/node-gyp/24.12.0/include/node/common.gypi',
gyp info spawn args '-Dlibrary=shared_library',
gyp info spawn args '-Dvisibility=default',
gyp info spawn args '-Dnode_root_dir=/home/hyeonjin/.cache/node-gyp/24.12.0',
gyp info spawn args '-Dnode_gyp_dir=/home/hyeonjin/PL/code-completion-extension/node_modules/node-gyp',
gyp info spawn args '-Dnode_lib_file=/home/hyeonjin/.cache/node-gyp/24.12.0/<(target_arch)/node.lib',
gyp info spawn args '-Dmodule_root_dir=/home/hyeonjin/PL/code-completion-extension',
gyp info spawn args '-Dnode_engine=v8',
gyp info spawn args '--depth=.',
gyp info spawn args '--no-parallel',
gyp info spawn args '--generator-output',
gyp info spawn args 'build',
gyp info spawn args '-Goutput_dir=.'
gyp info spawn args ]
gyp info spawn make
gyp info spawn args [ 'BUILDTYPE=Release', '-C', 'build' ]
make: Entering directory '/home/hyeonjin/PL/code-completion-extension/build'
  CXX(target) Release/obj.target/c_parser_addon/native/src/addon.o
../native/src/addon.cc: In function 'size_t FindByteOffsetForPosition(const string&, uint32_t, uint32_t)':
../native/src/addon.cc:61:20: warning: unused variable 'tab_width' [-Wunused-variable]
   61 |     const uint32_t tab_width = 4;
      |                    ^~~~~~~~~
  CC(target) Release/obj.target/c_parser_addon/../tree-sitter/lib/src/lib.o
In file included from ../../tree-sitter/lib/src/././././subtree.h:12,
                 from ../../tree-sitter/lib/src/./././tree_cursor.h:4,
                 from ../../tree-sitter/lib/src/././get_changed_ranges.h:8,
                 from ../../tree-sitter/lib/src/./get_changed_ranges.c:1,
                 from ../../tree-sitter/lib/src/lib.c:2:
../../tree-sitter/lib/src/./parser.c: In function 'ts_parser_write_logged_actions':
../../tree-sitter/lib/src/./././././array.h:107:42: warning: value computed is not used [-Wunused-value]
  107 | #define array_pop(self) ((self)->contents[--(self)->size])
      |                         ~~~~~~~~~~~~~~~~~^~~~~~~~~~~~~~~~~
../../tree-sitter/lib/src/./parser.c:3013:39: note: in expansion of macro 'array_pop'
 3013 |           if (DebugLogStack.size > 0) array_pop(&DebugLogStack);
      |                                       ^~~~~~~~~
In file included from ../../tree-sitter/lib/src/lib.c:6:
../../tree-sitter/lib/src/./parser.c: In function 'ts_parser_parse_for_conversion':
../../tree-sitter/lib/src/./parser.c:3319:11: warning: unused variable 'result' [-Wunused-variable]
 3319 |   TSTree *result = NULL;
      |           ^~~~~~
  CC(target) Release/obj.target/c_parser_addon/../tree-sitter-c/src/parser.o
  SOLINK_MODULE(target) Release/obj.target/c_parser_addon.node
  COPY Release/c_parser_addon.node
  CXX(target) Release/obj.target/sb_parser_addon/native/src/addon.o
../native/src/addon.cc: In function 'size_t FindByteOffsetForPosition(const string&, uint32_t, uint32_t)':
../native/src/addon.cc:61:20: warning: unused variable 'tab_width' [-Wunused-variable]
   61 |     const uint32_t tab_width = 4;
      |                    ^~~~~~~~~
  CC(target) Release/obj.target/sb_parser_addon/../tree-sitter/lib/src/lib.o
In file included from ../../tree-sitter/lib/src/././././subtree.h:12,
                 from ../../tree-sitter/lib/src/./././tree_cursor.h:4,
                 from ../../tree-sitter/lib/src/././get_changed_ranges.h:8,
                 from ../../tree-sitter/lib/src/./get_changed_ranges.c:1,
                 from ../../tree-sitter/lib/src/lib.c:2:
../../tree-sitter/lib/src/./parser.c: In function 'ts_parser_write_logged_actions':
../../tree-sitter/lib/src/./././././array.h:107:42: warning: value computed is not used [-Wunused-value]
  107 | #define array_pop(self) ((self)->contents[--(self)->size])
      |                         ~~~~~~~~~~~~~~~~~^~~~~~~~~~~~~~~~~
../../tree-sitter/lib/src/./parser.c:3013:39: note: in expansion of macro 'array_pop'
 3013 |           if (DebugLogStack.size > 0) array_pop(&DebugLogStack);
      |                                       ^~~~~~~~~
In file included from ../../tree-sitter/lib/src/lib.c:6:
../../tree-sitter/lib/src/./parser.c: In function 'ts_parser_parse_for_conversion':
../../tree-sitter/lib/src/./parser.c:3319:11: warning: unused variable 'result' [-Wunused-variable]
 3319 |   TSTree *result = NULL;
      |           ^~~~~~
  CC(target) Release/obj.target/sb_parser_addon/../tree-sitter-smallbasic/src/parser.o
  SOLINK_MODULE(target) Release/obj.target/sb_parser_addon.node
  COPY Release/sb_parser_addon.node
make: Leaving directory '/home/hyeonjin/PL/code-completion-extension/build'
gyp info ok 
⚠️  (warn) Addon output not found at build/Release/cpp_parser_addon.node

✅ DONE: Full rebuild pipeline completed.
    Elapsed: 503s

>>> [Step 2/4] Collect TEST data
    Script : /home/hyeonjin/PL/tree-sitter/to_data_batch_collect_test_cpp.py
[Info] Removed existing directory: /home/hyeonjin/PL/benchmarks_collection/cpp/TEST_data
[Info] Created output directory: /home/hyeonjin/PL/benchmarks_collection/cpp/TEST_data
[*] Starting recursive scan in: /home/hyeonjin/PL/codecompletion_benchmarks/cpp/TEST
Processing: C-Plus-Plus-master/cpu_scheduling_algorithms/fcfs_scheduling.cpp ...
Processing: C-Plus-Plus-master/cpu_scheduling_algorithms/non_preemptive_sjf_scheduling.cpp ...
Processing: C-Plus-Plus-master/bit_manipulation/count_of_set_bits.cpp ...
Processing: C-Plus-Plus-master/bit_manipulation/hamming_distance.cpp ...
Processing: C-Plus-Plus-master/bit_manipulation/power_of_2.cpp ...
Processing: C-Plus-Plus-master/bit_manipulation/set_kth_bit.cpp ...
Processing: C-Plus-Plus-master/bit_manipulation/count_of_trailing_ciphers_in_factorial_n.cpp ...
Processing: C-Plus-Plus-master/bit_manipulation/check_even_odd.cpp ...
Processing: C-Plus-Plus-master/bit_manipulation/count_bits_flip.cpp ...
Processing: C-Plus-Plus-master/bit_manipulation/gray_code.cpp ...
Processing: C-Plus-Plus-master/bit_manipulation/find_non_repeating_number.cpp ...
Processing: C-Plus-Plus-master/bit_manipulation/travelling_salesman_using_bit_manipulation.cpp ...
Processing: C-Plus-Plus-master/bit_manipulation/next_higher_number_with_same_number_of_set_bits.cpp ...
Processing: C-Plus-Plus-master/sorting/gnome_sort.cpp ...
Processing: C-Plus-Plus-master/sorting/cocktail_selection_sort.cpp ...
Processing: C-Plus-Plus-master/sorting/swap_sort.cpp ...
Processing: C-Plus-Plus-master/sorting/insertion_sort_recursive.cpp ...
Processing: C-Plus-Plus-master/sorting/selection_sort_recursive.cpp ...
Processing: C-Plus-Plus-master/sorting/slow_sort.cpp ...
Processing: C-Plus-Plus-master/sorting/non_recursive_merge_sort.cpp ...
Processing: C-Plus-Plus-master/sorting/cycle_sort.cpp ...
Processing: C-Plus-Plus-master/sorting/pigeonhole_sort.cpp ...
Processing: C-Plus-Plus-master/sorting/insertion_sort.cpp ...
Processing: C-Plus-Plus-master/sorting/counting_sort_string.cpp ...
Processing: C-Plus-Plus-master/sorting/bubble_sort.cpp ...
Processing: C-Plus-Plus-master/sorting/shell_sort.cpp ...
Processing: C-Plus-Plus-master/sorting/quick_sort_iterative.cpp ...
Processing: C-Plus-Plus-master/sorting/merge_sort.cpp ...
Processing: C-Plus-Plus-master/sorting/bitonic_sort.cpp ...
Processing: C-Plus-Plus-master/sorting/random_pivot_quick_sort.cpp ...
Processing: C-Plus-Plus-master/sorting/library_sort.cpp ...
Processing: C-Plus-Plus-master/sorting/quick_sort.cpp ...
Processing: C-Plus-Plus-master/sorting/quick_sort_3.cpp ...
Processing: C-Plus-Plus-master/sorting/count_inversions.cpp ...
Processing: C-Plus-Plus-master/sorting/recursive_bubble_sort.cpp ...
Processing: C-Plus-Plus-master/sorting/pancake_sort.cpp ...
Processing: C-Plus-Plus-master/sorting/shell_sort2.cpp ...
Processing: C-Plus-Plus-master/sorting/radix_sort.cpp ...
Processing: C-Plus-Plus-master/sorting/strand_sort.cpp ...
Processing: C-Plus-Plus-master/sorting/comb_sort.cpp ...
Processing: C-Plus-Plus-master/sorting/binary_insertion_sort.cpp ...
Processing: C-Plus-Plus-master/sorting/dnf_sort.cpp ...
Processing: C-Plus-Plus-master/sorting/heap_sort.cpp ...
Processing: C-Plus-Plus-master/sorting/numeric_string_sort.cpp ...
Processing: C-Plus-Plus-master/sorting/selection_sort_iterative.cpp ...
Processing: C-Plus-Plus-master/sorting/bucket_sort.cpp ...
Processing: C-Plus-Plus-master/sorting/bead_sort.cpp ...
Processing: C-Plus-Plus-master/sorting/tim_sort.cpp ...
Processing: C-Plus-Plus-master/sorting/wave_sort.cpp ...
Processing: C-Plus-Plus-master/sorting/counting_sort.cpp ...
Processing: C-Plus-Plus-master/sorting/bogo_sort.cpp ...
Processing: C-Plus-Plus-master/sorting/stooge_sort.cpp ...
Processing: C-Plus-Plus-master/sorting/odd_even_sort.cpp ...
Processing: C-Plus-Plus-master/sorting/wiggle_sort.cpp ...
Processing: C-Plus-Plus-master/sorting/merge_insertion_sort.cpp ...
Processing: C-Plus-Plus-master/sorting/radix_sort2.cpp ...
Processing: C-Plus-Plus-master/physics/ground_to_ground_projectile_motion.cpp ...
Processing: C-Plus-Plus-master/strings/knuth_morris_pratt.cpp ...
Processing: C-Plus-Plus-master/strings/z_function.cpp ...
Processing: C-Plus-Plus-master/strings/boyer_moore.cpp ...
Processing: C-Plus-Plus-master/strings/brute_force_string_searching.cpp ...
Processing: C-Plus-Plus-master/strings/duval.cpp ...
Processing: C-Plus-Plus-master/strings/horspool.cpp ...
Processing: C-Plus-Plus-master/strings/manacher_algorithm.cpp ...
Processing: C-Plus-Plus-master/strings/rabin_karp.cpp ...
Processing: C-Plus-Plus-master/numerical_methods/gaussian_elimination.cpp ...
Processing: C-Plus-Plus-master/numerical_methods/qr_decomposition.cpp ...
Processing: C-Plus-Plus-master/numerical_methods/babylonian_method.cpp ...
Processing: C-Plus-Plus-master/numerical_methods/rungekutta.cpp ...
Processing: C-Plus-Plus-master/numerical_methods/fast_fourier_transform.cpp ...
Processing: C-Plus-Plus-master/numerical_methods/qr_eigen_values.cpp ...
Processing: C-Plus-Plus-master/numerical_methods/ode_midpoint_euler.cpp ...
Processing: C-Plus-Plus-master/numerical_methods/durand_kerner_roots.cpp ...
Processing: C-Plus-Plus-master/numerical_methods/newton_raphson_method.cpp ...
Processing: C-Plus-Plus-master/numerical_methods/inverse_fast_fourier_transform.cpp ...
Processing: C-Plus-Plus-master/numerical_methods/golden_search_extrema.cpp ...
Processing: C-Plus-Plus-master/numerical_methods/ode_forward_euler.cpp ...
Processing: C-Plus-Plus-master/numerical_methods/midpoint_integral_method.cpp ...
Processing: C-Plus-Plus-master/numerical_methods/gram_schmidt.cpp ...
Processing: C-Plus-Plus-master/numerical_methods/ode_semi_implicit_euler.cpp ...
Processing: C-Plus-Plus-master/numerical_methods/bisection_method.cpp ...
Processing: C-Plus-Plus-master/numerical_methods/composite_simpson_rule.cpp ...
Processing: C-Plus-Plus-master/numerical_methods/lu_decompose.cpp ...
Processing: C-Plus-Plus-master/numerical_methods/successive_approximation.cpp ...
Processing: C-Plus-Plus-master/numerical_methods/brent_method_extrema.cpp ...
Processing: C-Plus-Plus-master/numerical_methods/false_position.cpp ...
Processing: C-Plus-Plus-master/dynamic_programming/egg_dropping_puzzle.cpp ...
Processing: C-Plus-Plus-master/dynamic_programming/minimum_edit_distance.cpp ...
Processing: C-Plus-Plus-master/dynamic_programming/catalan_numbers.cpp ...
Processing: C-Plus-Plus-master/dynamic_programming/kadane.cpp ...
Processing: C-Plus-Plus-master/dynamic_programming/matrix_chain_multiplication.cpp ...
Processing: C-Plus-Plus-master/dynamic_programming/bellman_ford.cpp ...
Processing: C-Plus-Plus-master/dynamic_programming/longest_common_subsequence.cpp ...
Processing: C-Plus-Plus-master/dynamic_programming/house_robber.cpp ...
Processing: C-Plus-Plus-master/dynamic_programming/trapped_rainwater2.cpp ...
Processing: C-Plus-Plus-master/dynamic_programming/edit_distance.cpp ...
Processing: C-Plus-Plus-master/dynamic_programming/unbounded_0_1_knapsack.cpp ...
Processing: C-Plus-Plus-master/dynamic_programming/shortest_common_supersequence.cpp ...
Processing: C-Plus-Plus-master/dynamic_programming/subset_sum_dynamic.cpp ...
Processing: C-Plus-Plus-master/dynamic_programming/maximum_circular_subarray.cpp ...
Processing: C-Plus-Plus-master/dynamic_programming/floyd_warshall.cpp ...
Processing: C-Plus-Plus-master/dynamic_programming/palindrome_partitioning.cpp ...
Processing: C-Plus-Plus-master/dynamic_programming/partition_problem.cpp ...
Processing: C-Plus-Plus-master/dynamic_programming/longest_increasing_subsequence_nlogn.cpp ...
Processing: C-Plus-Plus-master/dynamic_programming/cut_rod.cpp ...
Processing: C-Plus-Plus-master/dynamic_programming/trapped_rainwater.cpp ...
Processing: C-Plus-Plus-master/dynamic_programming/abbreviation.cpp ...
Processing: C-Plus-Plus-master/dynamic_programming/longest_common_string.cpp ...
Processing: C-Plus-Plus-master/dynamic_programming/0_1_knapsack.cpp ...
Processing: C-Plus-Plus-master/dynamic_programming/coin_change_topdown.cpp ...
Processing: C-Plus-Plus-master/dynamic_programming/tree_height.cpp ...
Processing: C-Plus-Plus-master/dynamic_programming/searching_of_element_in_dynamic_array.cpp ...
Processing: C-Plus-Plus-master/dynamic_programming/longest_increasing_subsequence.cpp ...
Processing: C-Plus-Plus-master/dynamic_programming/armstrong_number_templated.cpp ...
Processing: C-Plus-Plus-master/dynamic_programming/word_break.cpp ...
Processing: C-Plus-Plus-master/dynamic_programming/coin_change.cpp ...
Processing: C-Plus-Plus-master/dynamic_programming/longest_palindromic_subsequence.cpp ...
Processing: C-Plus-Plus-master/dynamic_programming/fibonacci_bottom_up.cpp ...
Processing: C-Plus-Plus-master/search/longest_increasing_subsequence_using_binary_search.cpp ...
Processing: C-Plus-Plus-master/search/saddleback_search.cpp ...
Processing: C-Plus-Plus-master/search/fibonacci_search.cpp ...
Processing: C-Plus-Plus-master/search/ternary_search.cpp ...
Processing: C-Plus-Plus-master/search/floyd_cycle_detection_algo.cpp ...
Processing: C-Plus-Plus-master/search/jump_search.cpp ...
Processing: C-Plus-Plus-master/search/median_search2.cpp ...
Processing: C-Plus-Plus-master/search/linear_search.cpp ...
Processing: C-Plus-Plus-master/search/interpolation_search.cpp ...
Processing: C-Plus-Plus-master/search/exponential_search.cpp ...
Processing: C-Plus-Plus-master/search/text_search.cpp ...
Processing: C-Plus-Plus-master/search/hash_search.cpp ...
Processing: C-Plus-Plus-master/search/median_search.cpp ...
Processing: C-Plus-Plus-master/search/interpolation_search2.cpp ...
Processing: C-Plus-Plus-master/search/binary_search.cpp ...
Processing: C-Plus-Plus-master/search/sublist_search.cpp ...
Processing: C-Plus-Plus-master/divide_and_conquer/strassen_matrix_multiplication.cpp ...
Processing: C-Plus-Plus-master/divide_and_conquer/karatsuba_algorithm_for_fast_multiplication.cpp ...
Processing: C-Plus-Plus-master/backtracking/minimax.cpp ...
Processing: C-Plus-Plus-master/backtracking/sudoku_solver.cpp ...
Processing: C-Plus-Plus-master/backtracking/magic_sequence.cpp ...
Processing: C-Plus-Plus-master/backtracking/wildcard_matching.cpp ...
Processing: C-Plus-Plus-master/backtracking/subset_sum.cpp ...
Processing: C-Plus-Plus-master/backtracking/n_queens.cpp ...
Processing: C-Plus-Plus-master/backtracking/nqueen_print_all_solutions.cpp ...
Processing: C-Plus-Plus-master/backtracking/graph_coloring.cpp ...
Processing: C-Plus-Plus-master/backtracking/rat_maze.cpp ...
Processing: C-Plus-Plus-master/backtracking/n_queens_all_solution_optimised.cpp ...
Processing: C-Plus-Plus-master/backtracking/generate_parentheses.cpp ...
Processing: C-Plus-Plus-master/backtracking/knight_tour.cpp ...
Processing: C-Plus-Plus-master/backtracking/subarray_sum.cpp ...
Processing: C-Plus-Plus-master/games/memory_game.cpp ...
Processing: C-Plus-Plus-master/ciphers/hill_cipher.cpp ...
Processing: C-Plus-Plus-master/ciphers/morse_code.cpp ...
Processing: C-Plus-Plus-master/ciphers/caesar_cipher.cpp ...
Processing: C-Plus-Plus-master/ciphers/xor_cipher.cpp ...
Processing: C-Plus-Plus-master/ciphers/vigenere_cipher.cpp ...
Processing: C-Plus-Plus-master/ciphers/atbash_cipher.cpp ...
Processing: C-Plus-Plus-master/ciphers/a1z26_cipher.cpp ...
Processing: C-Plus-Plus-master/ciphers/elliptic_curve_key_exchange.cpp ...
Processing: C-Plus-Plus-master/ciphers/base64_encoding.cpp ...
Processing: C-Plus-Plus-master/operations_on_datastructures/circular_queue_using_array.cpp ...
Processing: C-Plus-Plus-master/operations_on_datastructures/reverse_a_linked_list_using_recusion.cpp ...
Processing: C-Plus-Plus-master/operations_on_datastructures/get_size_of_linked_list.cpp ...
Processing: C-Plus-Plus-master/operations_on_datastructures/reverse_binary_tree.cpp ...
Processing: C-Plus-Plus-master/operations_on_datastructures/circular_linked_list.cpp ...
Processing: C-Plus-Plus-master/operations_on_datastructures/array_right_rotation.cpp ...
Processing: C-Plus-Plus-master/operations_on_datastructures/union_of_two_arrays.cpp ...
Processing: C-Plus-Plus-master/operations_on_datastructures/selectionsortlinkedlist.cpp ...
Processing: C-Plus-Plus-master/operations_on_datastructures/inorder_successor_of_bst.cpp ...
Processing: C-Plus-Plus-master/operations_on_datastructures/array_left_rotation.cpp ...
Processing: C-Plus-Plus-master/operations_on_datastructures/intersection_of_two_arrays.cpp ...
Processing: C-Plus-Plus-master/operations_on_datastructures/trie_multiple_search.cpp ...
Processing: C-Plus-Plus-master/others/tower_of_hanoi.cpp ...
Processing: C-Plus-Plus-master/others/decimal_to_roman_numeral.cpp ...
Processing: C-Plus-Plus-master/others/postfix_evaluation.cpp ...
Processing: C-Plus-Plus-master/others/lru_cache.cpp ...
Processing: C-Plus-Plus-master/others/paranthesis_matching.cpp ...
Processing: C-Plus-Plus-master/others/kadanes3.cpp ...
Processing: C-Plus-Plus-master/others/longest_substring_without_repeating_characters.cpp ...
Processing: C-Plus-Plus-master/others/spiral_print.cpp ...
Processing: C-Plus-Plus-master/others/sparse_matrix.cpp ...
Processing: C-Plus-Plus-master/others/palindrome_of_number.cpp ...
Processing: C-Plus-Plus-master/others/lfu_cache.cpp ...
Processing: C-Plus-Plus-master/others/primality_test.cpp ...
Processing: C-Plus-Plus-master/others/matrix_exponentiation.cpp ...
Processing: C-Plus-Plus-master/others/smallest_circle.cpp ...
Processing: C-Plus-Plus-master/others/vector_important_functions.cpp ...
Processing: C-Plus-Plus-master/others/easter.cpp ...
Processing: C-Plus-Plus-master/others/lru_cache2.cpp ...
Processing: C-Plus-Plus-master/others/decimal_to_hexadecimal.cpp ...
Processing: C-Plus-Plus-master/others/happy_number.cpp ...
Processing: C-Plus-Plus-master/others/kelvin_to_celsius.cpp ...
Processing: C-Plus-Plus-master/others/buzz_number.cpp ...
Processing: C-Plus-Plus-master/others/decimal_to_binary.cpp ...
Processing: C-Plus-Plus-master/others/recursive_tree_traversal.cpp ...
Processing: C-Plus-Plus-master/others/fast_integer_input.cpp ...
Processing: C-Plus-Plus-master/others/pascal_triangle.cpp ...
Processing: C-Plus-Plus-master/others/iterative_tree_traversals.cpp ...
Processing: C-Plus-Plus-master/others/stairs_pattern.cpp ...
Processing: C-Plus-Plus-master/data_structures/sparse_table.cpp ...
Processing: C-Plus-Plus-master/data_structures/tree.cpp ...
Processing: C-Plus-Plus-master/data_structures/circular_queue_using_linked_list.cpp ...
Processing: C-Plus-Plus-master/data_structures/queue_using_linked_list.cpp ...
Processing: C-Plus-Plus-master/data_structures/trie_tree.cpp ...
Processing: C-Plus-Plus-master/data_structures/avltree.cpp ...
Processing: C-Plus-Plus-master/data_structures/stack_using_array.cpp ...
Processing: C-Plus-Plus-master/data_structures/queue_using_array.cpp ...
Processing: C-Plus-Plus-master/data_structures/list_array.cpp ...
Processing: C-Plus-Plus-master/data_structures/linkedlist_implentation_usingarray.cpp ...
Processing: C-Plus-Plus-master/data_structures/skip_list.cpp ...
Processing: C-Plus-Plus-master/data_structures/trie_modern.cpp ...
Processing: C-Plus-Plus-master/data_structures/binaryheap.cpp ...
Processing: C-Plus-Plus-master/data_structures/trie_using_hashmap.cpp ...
Processing: C-Plus-Plus-master/data_structures/queue_using_array2.cpp ...
Processing: C-Plus-Plus-master/data_structures/binary_search_tree.cpp ...
Processing: C-Plus-Plus-master/data_structures/treap.cpp ...
Processing: C-Plus-Plus-master/data_structures/stack_using_queue.cpp ...
Processing: C-Plus-Plus-master/data_structures/test_stack_students.cpp ...
Processing: C-Plus-Plus-master/data_structures/reverse_a_linked_list.cpp ...
Processing: C-Plus-Plus-master/data_structures/dsu_path_compression.cpp ...
Processing: C-Plus-Plus-master/data_structures/queue_using_linkedlist.cpp ...
Processing: C-Plus-Plus-master/data_structures/linked_list.cpp ...
Processing: C-Plus-Plus-master/data_structures/stack_using_linked_list.cpp ...
Processing: C-Plus-Plus-master/data_structures/bloom_filter.cpp ...
Processing: C-Plus-Plus-master/data_structures/segment_tree.cpp ...
Processing: C-Plus-Plus-master/data_structures/tree_234.cpp ...
Processing: C-Plus-Plus-master/data_structures/test_queue.cpp ...
