============================================================
  Language : c
  Start    : 2026-04-16 14:50:04
============================================================
  [Step3 make_answers(c)]
[*] All done. Processed 104/104 files.

  [Step4 evaluate(c)]
[Global] Total Queries    : 46164
[Global] Top-10 Count     : 43945
[Global] Top-10 Acc       : 95.2%
[Global] Top11~20 Count   : 1575
[Global] CPP Fail         : 0
[C] Total Queries : 46164
[C] Found         : 46075  (99.8%)
[C] Not Found     : 89  (0.2%)
[C] Fail          : 0  (0.0%)
[Saved] File Report (CSV) -> /home/hyeonjin/PL/tree-sitter/reports/c/c_file_performance.csv
[Saved] Coverage Report (CSV) -> /home/hyeonjin/PL/tree-sitter/reports/c/c_coverage.csv

  Total Elapsed: 193s
  End   : 2026-04-16 14:53:17

