============================================================
  Language : python
  Start    : 2026-04-16 14:50:04
============================================================
  [Step3 make_answers(python)]
[*] All done. Processed 2728/2728 files.

  [Step4 evaluate(python)]
[Global] Total Queries    : 573266
[Global] Top-10 Count     : 514013
[Global] Top-10 Acc       : 89.7%
[Global] Top11~20 Count   : 40586
[Global] CPP Fail         : 0
[PYTHON] Total Queries : 573266
[PYTHON] Found         : 572880  (99.9%)
[PYTHON] Not Found     : 386  (0.1%)
[PYTHON] Fail          : 0  (0.0%)
[Saved] File Report (CSV) -> /home/hyeonjin/PL/tree-sitter/reports/python/python_file_performance.csv
[Saved] Coverage Report (CSV) -> /home/hyeonjin/PL/tree-sitter/reports/python/python_coverage.csv

  Total Elapsed: 2908s
  End   : 2026-04-16 15:38:32

============================================================
  Language : python
  Start    : 2026-04-17 12:20:35
============================================================
  [Step3 make_answers(python)]
[*] All done. Processed 2728/2728 files.

  [Step4 evaluate(python)]
[Global] Total Queries    : 573266
[Global] Top-10 Count     : 519126
[Global] Top-10 Acc       : 90.6%
[Global] Top11~20 Count   : 38064
[Global] CPP Fail         : 0
[PYTHON] Total Queries : 573266
[PYTHON] Found         : 572880  (99.9%)
[PYTHON] Not Found     : 386  (0.1%)
[PYTHON] Fail          : 0  (0.0%)
[Saved] File Report (CSV) -> /home/hyeonjin/PL/tree-sitter/reports/python/python_file_performance.csv
[Saved] Coverage Report (CSV) -> /home/hyeonjin/PL/tree-sitter/reports/python/python_coverage.csv

  Total Elapsed: 2897s
  End   : 2026-04-17 13:08:52

============================================================
  Language : python
  Start    : 2026-04-17 14:55:25
============================================================
  [Step3 make_answers(python)]
[*] All done. Processed 2728/2728 files.

  [Step4 evaluate(python)]
[Global] Total Queries    : 573266
[Global] Top-10 Count     : 519126
[Global] Top-10 Acc       : 90.6%
[Global] Top11~20 Count   : 38064
[Global] CPP Fail         : 0
[PYTHON] Total Queries : 573266
[PYTHON] Found         : 572880  (99.9%)
[PYTHON] Not Found     : 386  (0.1%)
[PYTHON] Fail          : 0  (0.0%)
[Saved] File Report (CSV) -> /home/hyeonjin/PL/tree-sitter/reports/python/python_file_performance.csv
[Saved] Coverage Report (CSV) -> /home/hyeonjin/PL/tree-sitter/reports/python/python_coverage.csv

  Total Elapsed: 2902s
  End   : 2026-04-17 15:43:47

============================================================
  Language : python
  Start    : 2026-04-17 19:55:46
============================================================
  [Step3 make_answers(python)]
[*] All done. Processed 2728/2728 files.

  [Step4 evaluate(python)]
[Global] Total Queries    : 573266
[Global] Top-10 Count     : 519126
[Global] Top-10 Acc       : 90.6%
[Global] Top11~20 Count   : 38064
[Global] CPP Fail         : 0
[PYTHON] Total Queries : 573266
[PYTHON] Found         : 572880  (99.9%)
[PYTHON] Not Found     : 386  (0.1%)
[PYTHON] Fail          : 0  (0.0%)
[Saved] File Report (CSV) -> /home/hyeonjin/PL/tree-sitter/reports/python/python_file_performance.csv
[Saved] Coverage Report (CSV) -> /home/hyeonjin/PL/tree-sitter/reports/python/python_coverage.csv

  Total Elapsed: 2875s
  End   : 2026-04-17 20:43:41

============================================================
  Language : python
  Start    : 2026-04-18 21:44:05
============================================================
  [Step3 make_answers(python)]
[*] All done. Processed 2728/2728 files.

  [Step4 evaluate(python)]
[Global] Total Queries    : 573266
[Global] Top-10 Count     : 501367
[Global] Top-10 Acc       : 87.5%
[Global] Top11~20 Count   : 40680
[Global] CPP Fail         : 0
[PYTHON] Total Queries : 573266
[PYTHON] Found         : 572862  (99.9%)
[PYTHON] Not Found     : 404  (0.1%)
[PYTHON] Fail          : 0  (0.0%)
[Saved] File Report (CSV) -> /home/hyeonjin/PL/tree-sitter/reports/python/python_file_performance.csv
[Saved] Coverage Report (CSV) -> /home/hyeonjin/PL/tree-sitter/reports/python/python_coverage.csv

  Total Elapsed: 2890s
  End   : 2026-04-18 22:32:15

============================================================
  Language : python
  Start    : 2026-04-18 23:50:17
============================================================
  [Step3 make_answers(python)]
[*] All done. Processed 2728/2728 files.

  [Step4 evaluate(python)]
[Global] Total Queries    : 573266
[Global] Top-10 Count     : 505688
[Global] Top-10 Acc       : 88.2%
[Global] Top11~20 Count   : 39911
[Global] CPP Fail         : 0
[PYTHON] Total Queries : 573266
[PYTHON] Found         : 572862  (99.9%)
[PYTHON] Not Found     : 404  (0.1%)
[PYTHON] Fail          : 0  (0.0%)
[Saved] File Report (CSV) -> /home/hyeonjin/PL/tree-sitter/reports/python/python_file_performance.csv
[Saved] Coverage Report (CSV) -> /home/hyeonjin/PL/tree-sitter/reports/python/python_coverage.csv

  Total Elapsed: 2890s
  End   : 2026-04-19 00:38:27

============================================================
  Language : python
  Start    : 2026-04-19 02:32:23
============================================================
  [Step3 make_answers(python)]
[*] All done. Processed 2728/2728 files.

  [Step4 evaluate(python)]
[Global] Total Queries    : 573266
[Global] Top-10 Count     : 501367
[Global] Top-10 Acc       : 87.5%
[Global] Top11~20 Count   : 40680
[Global] CPP Fail         : 0
[PYTHON] Total Queries : 573266
[PYTHON] Found         : 572862  (99.9%)
[PYTHON] Not Found     : 404  (0.1%)
[PYTHON] Fail          : 0  (0.0%)
[Saved] File Report (CSV) -> /home/hyeonjin/PL/tree-sitter/reports/python/python_file_performance.csv
[Saved] Coverage Report (CSV) -> /home/hyeonjin/PL/tree-sitter/reports/python/python_coverage.csv

  Total Elapsed: 2894s
  End   : 2026-04-19 03:20:37

============================================================
  Language : python
  Start    : 2026-04-19 09:55:51
============================================================
  [Step3 make_answers(python)]
[*] All done. Processed 2728/2728 files.

  [Step4 evaluate(python)]
[Global] Total Queries    : 573266
[Global] Top-10 Count     : 505688
[Global] Top-10 Acc       : 88.2%
[Global] Top11~20 Count   : 39879
[Global] CPP Fail         : 0
[PYTHON] Total Queries : 573266
[PYTHON] Found         : 572862  (99.9%)
[PYTHON] Not Found     : 404  (0.1%)
[PYTHON] Fail          : 0  (0.0%)
[Saved] File Report (CSV) -> /home/hyeonjin/PL/tree-sitter/reports/python/python_file_performance.csv
[Saved] Coverage Report (CSV) -> /home/hyeonjin/PL/tree-sitter/reports/python/python_coverage.csv

  Total Elapsed: 4905s
  End   : 2026-04-19 11:17:36

============================================================
  Language : python
  Start    : 2026-04-19 15:48:36
============================================================
  [Step1 learn_collect(python)]
    - Skipped:   376
[*] Done! JSON saved to: /home/hyeonjin/PL/code-completion-extension/resources/python/candidates.json

  [Step2 collect_test(python)]
[*] Completed.
    - Success: 2728
    - Skipped: 311
    - Total Found: 3039
[*] Results are in: /home/hyeonjin/PL/benchmarks_collection/python/TEST_data

  [Step3 make_answers(python)]
[*] All done. Processed 2728/2728 files.

============================================================
  Language : python
  Start    : 2026-04-19 16:05:20
============================================================
  [Step1 learn_collect(python)]
    - Skipped:   376
[*] Done! JSON saved to: /home/hyeonjin/PL/code-completion-extension/resources/python/candidates.json

  [Step2 collect_test(python)]
[*] Completed.
    - Success: 2728
    - Skipped: 311
    - Total Found: 3039
[*] Results are in: /home/hyeonjin/PL/benchmarks_collection/python/TEST_data

  [Step3 make_answers(python)]
[*] All done. Processed 2728/2728 files.

  [Step4 evaluate(python)]
[Global] Total Queries    : 573266
[Global] Top-10 Count     : 505688
[Global] Top-10 Acc       : 88.2%
[Global] Top11~20 Count   : 39911
[Global] CPP Fail         : 0
[PYTHON] Total Queries : 573266
[PYTHON] Found         : 572862  (99.9%)
[PYTHON] Not Found     : 404  (0.1%)
[PYTHON] Fail          : 0  (0.0%)
[Saved] File Report (CSV) -> /home/hyeonjin/PL/tree-sitter/reports/python/python_file_performance.csv
[Saved] Coverage Report (CSV) -> /home/hyeonjin/PL/tree-sitter/reports/python/python_coverage.csv

  Total Elapsed: 2985s
  End   : 2026-04-19 16:55:05

============================================================
  Language : python
  Start    : 2026-04-20 00:08:49
============================================================
  [Step1 learn_collect(python)]
    - Skipped:   376
[*] Done! JSON saved to: /home/hyeonjin/PL/code-completion-extension/resources/python/candidates.json

  [Step2 collect_test(python)]
[*] Completed.
    - Success: 2728
    - Skipped: 311
    - Total Found: 3039
[*] Results are in: /home/hyeonjin/PL/benchmarks_collection/python/TEST_data

  [Step3 make_answers(python)]
[*] All done. Processed 2728/2728 files.

  [Step4 evaluate(python)]
[Global] Total Queries    : 573266
[Global] Top-10 Count     : 519126
[Global] Top-10 Acc       : 90.6%
[Global] Top11~20 Count   : 38064
[Global] CPP Fail         : 0
[PYTHON] Total Queries : 573266
[PYTHON] Found         : 572880  (99.9%)
[PYTHON] Not Found     : 386  (0.1%)
[PYTHON] Fail          : 0  (0.0%)
[Saved] File Report (CSV) -> /home/hyeonjin/PL/tree-sitter/reports/python/python_file_performance.csv
[Saved] Coverage Report (CSV) -> /home/hyeonjin/PL/tree-sitter/reports/python/python_coverage.csv

  Total Elapsed: 2983s
  End   : 2026-04-20 00:58:32

============================================================
  Language : python
  Start    : 2026-04-20 11:19:07
============================================================
  [Step1 learn_collect(python)]
    - Skipped:   311
[*] Done! JSON saved to: /home/hyeonjin/PL/code-completion-extension/resources/python/candidates.json

  [Step2 collect_test(python)]
[*] Completed.
    - Success: 2728
    - Skipped: 311
    - Total Found: 3039
[*] Results are in: /home/hyeonjin/PL/benchmarks_collection/python/TEST_data

  [Step3 make_answers(python)]
[*] All done. Processed 2728/2728 files.

  [Step4 evaluate(python)]
[Global] Total Queries    : 573266
[Global] Top-10 Count     : 517113
[Global] Top-10 Acc       : 90.2%
[Global] Top11~20 Count   : 37037
[Global] CPP Fail         : 0
[PYTHON] Total Queries : 573266
[PYTHON] Found         : 572345  (99.8%)
[PYTHON] Not Found     : 921  (0.2%)
[PYTHON] Fail          : 0  (0.0%)
[Saved] File Report (CSV) -> /home/hyeonjin/PL/tree-sitter/reports/python/python_file_performance.csv
[Saved] Coverage Report (CSV) -> /home/hyeonjin/PL/tree-sitter/reports/python/python_coverage.csv

  Total Elapsed: 2947s
  End   : 2026-04-20 12:08:14

============================================================
  Language : python
  Start    : 2026-04-20 14:35:21
============================================================
  [Step1 learn_collect(python)]
    - Skipped:   311
[*] Done! JSON saved to: /home/hyeonjin/PL/code-completion-extension/resources/python/candidates.json

  [Step2 collect_test(python)]
[*] Completed.
    - Success: 2175
    - Skipped: 235
    - Total Found: 2410
[*] Results are in: /home/hyeonjin/PL/benchmarks_collection/python/TEST_data

  [Step3 make_answers(python)]
[*] All done. Processed 2175/2175 files.

============================================================
  Language : python
  Start    : 2026-04-20 14:42:03
============================================================
  [Step1 learn_collect(python)]
    - Skipped:   311
[*] Done! JSON saved to: /home/hyeonjin/PL/code-completion-extension/resources/python/candidates.json

  [Step2 collect_test(python)]
[*] Completed.
    - Success: 473
    - Skipped: 13
    - Total Found: 486
[*] Results are in: /home/hyeonjin/PL/benchmarks_collection/python/TEST_data

  [Step3 make_answers(python)]
[*] All done. Processed 473/473 files.

  [Step4 evaluate(python)]
[Global] Total Queries    : 49287
[Global] Top-10 Count     : 45454
[Global] Top-10 Acc       : 92.2%
[Global] Top11~20 Count   : 2104
[Global] CPP Fail         : 0
[PYTHON] Total Queries : 49287
[PYTHON] Found         : 49245  (99.9%)
[PYTHON] Not Found     : 42  (0.1%)
[PYTHON] Fail          : 0  (0.0%)
[Saved] File Report (CSV) -> /home/hyeonjin/PL/tree-sitter/reports/python/python_file_performance.csv
[Saved] Coverage Report (CSV) -> /home/hyeonjin/PL/tree-sitter/reports/python/python_coverage.csv

  Total Elapsed: 233s
  End   : 2026-04-20 14:45:56

============================================================
  Language : python
  Start    : 2026-04-22 12:04:25
============================================================
  [Step1 learn_collect(python)]
    - Skipped:   311
[*] Done! JSON saved to: /home/hyeonjin/PL/code-completion-extension/resources/python/candidates.json

  [Step2 collect_test(python)]
[*] Completed.
    - Success: 473
    - Skipped: 13
    - Total Found: 486
[*] Results are in: /home/hyeonjin/PL/benchmarks_collection/python/TEST_data

  [Step3 make_answers(python)]
[*] All done. Processed 473/473 files.

  [Step4 evaluate(python)]
[Global] Total Queries    : 49287
[Global] Top-10 Count     : 45454
[Global] Top-10 Acc       : 92.2%
[Global] Top11~20 Count   : 2104
[Global] CPP Fail         : 0
[PYTHON] Total Queries : 49287
[PYTHON] Found         : 49245  (99.9%)
[PYTHON] Not Found     : 42  (0.1%)
[PYTHON] Fail          : 0  (0.0%)
[Saved] File Report (CSV) -> /home/hyeonjin/PL/tree-sitter/reports/python/python_file_performance.csv
[Saved] Coverage Report (CSV) -> /home/hyeonjin/PL/tree-sitter/reports/python/python_coverage.csv

  Total Elapsed: 235s
  End   : 2026-04-22 12:08:20

============================================================
  Language : python
  Start    : 2026-04-22 16:50:37
============================================================
  [Step1 learn_collect(python)]
    - Skipped:   311
[*] Done! JSON saved to: /home/hyeonjin/PL/code-completion-extension/resources/python/candidates.json

  Total Elapsed: 105s (learn-only)
  End   : 2026-04-22 16:52:22

============================================================
  Language : python
  Start    : 2026-04-22 17:04:33
============================================================
  [Step2 collect_test(python)]
[*] Completed.
    - Success: 473
    - Skipped: 13
    - Total Found: 486
[*] Results are in: /home/hyeonjin/PL/benchmarks_collection/python/TEST_data

  [Step3 make_answers(python)]
[*] All done. Processed 473/473 files.

  [Step4 evaluate(python)]
[Global] Total Queries    : 49287
[Global] Top-10 Count     : 45454
[Global] Top-10 Acc       : 92.2%
[Global] Top11~20 Count   : 2104
[Global] CPP Fail         : 0
[PYTHON] Total Queries : 49287
[PYTHON] Found         : 49245  (99.9%)
[PYTHON] Not Found     : 42  (0.1%)
[PYTHON] Fail          : 0  (0.0%)
[Saved] File Report (CSV) -> /home/hyeonjin/PL/tree-sitter/reports/python/python_file_performance.csv
[Saved] Coverage Report (CSV) -> /home/hyeonjin/PL/tree-sitter/reports/python/python_coverage.csv

  Total Elapsed: 122s
  End   : 2026-04-22 17:06:35

============================================================
  Language : python
  Start    : 2026-04-27 14:18:42
============================================================
  [Step1 learn_collect(python)]
    - Skipped:   311
[*] Done! JSON saved to: /home/hyeonjin/PL/code-completion-extension/resources/python/candidates.json

  [Step2 collect_test(python)]
[*] Completed.
    - Success: 473
    - Skipped: 13
    - Total Found: 486
[*] Results are in: /home/hyeonjin/PL/benchmarks_collection/python/TEST_data

  [Step3 make_answers(python)]
[*] All done. Processed 473/473 files.

  [Step4 evaluate(python)]
[Global] Total Queries    : 49287
[Global] Top-10 Count     : 45414
[Global] Top-10 Acc       : 92.1%
[Global] Top11~20 Count   : 2138
[Global] CPP Fail         : 0
[PYTHON] Total Queries : 49287
[PYTHON] Found         : 49245  (99.9%)
[PYTHON] Not Found     : 42  (0.1%)
[PYTHON] Fail          : 0  (0.0%)
[Saved] File Report (CSV) -> /home/hyeonjin/PL/tree-sitter/reports/python/python_file_performance.csv
[Saved] Coverage Report (CSV) -> /home/hyeonjin/PL/tree-sitter/reports/python/python_coverage.csv

  Total Elapsed: 228s
  End   : 2026-04-27 14:22:30

