============================================================
  Language : haskell
  Start    : 2026-04-16 14:50:04
============================================================
  [Step3 make_answers(haskell)]
[*] All done. Processed 155/155 files.

  [Step4 evaluate(haskell)]
[Global] Total Queries    : 62219
[Global] Top-10 Count     : 57488
[Global] Top-10 Acc       : 92.4%
[Global] Top11~20 Count   : 3678
[Global] CPP Fail         : 0
[HASKELL] Total Queries : 62219
[HASKELL] Found         : 62205  (100.0%)
[HASKELL] Not Found     : 14  (0.0%)
[HASKELL] Fail          : 0  (0.0%)
[Saved] File Report (CSV) -> /home/hyeonjin/PL/tree-sitter/reports/haskell/haskell_file_performance.csv
[Saved] Coverage Report (CSV) -> /home/hyeonjin/PL/tree-sitter/reports/haskell/haskell_coverage.csv

  Total Elapsed: 531s
  End   : 2026-04-16 14:58:55

============================================================
  Language : haskell
  Start    : 2026-04-17 12:20:35
============================================================
  [Step3 make_answers(haskell)]
[*] All done. Processed 155/155 files.

  [Step4 evaluate(haskell)]
[Global] Total Queries    : 62219
[Global] Top-10 Count     : 58041
[Global] Top-10 Acc       : 93.3%
[Global] Top11~20 Count   : 3436
[Global] CPP Fail         : 0
[HASKELL] Total Queries : 62219
[HASKELL] Found         : 62205  (100.0%)
[HASKELL] Not Found     : 14  (0.0%)
[HASKELL] Fail          : 0  (0.0%)
[Saved] File Report (CSV) -> /home/hyeonjin/PL/tree-sitter/reports/haskell/haskell_file_performance.csv
[Saved] Coverage Report (CSV) -> /home/hyeonjin/PL/tree-sitter/reports/haskell/haskell_coverage.csv

  Total Elapsed: 527s
  End   : 2026-04-17 12:29:22

============================================================
  Language : haskell
  Start    : 2026-04-17 14:55:25
============================================================
  [Step3 make_answers(haskell)]
[*] All done. Processed 155/155 files.

  [Step4 evaluate(haskell)]
[Global] Total Queries    : 62219
[Global] Top-10 Count     : 58061
[Global] Top-10 Acc       : 93.3%
[Global] Top11~20 Count   : 3416
[Global] CPP Fail         : 0
[HASKELL] Total Queries : 62219
[HASKELL] Found         : 62205  (100.0%)
[HASKELL] Not Found     : 14  (0.0%)
[HASKELL] Fail          : 0  (0.0%)
[Saved] File Report (CSV) -> /home/hyeonjin/PL/tree-sitter/reports/haskell/haskell_file_performance.csv
[Saved] Coverage Report (CSV) -> /home/hyeonjin/PL/tree-sitter/reports/haskell/haskell_coverage.csv

  Total Elapsed: 525s
  End   : 2026-04-17 15:04:10

============================================================
  Language : haskell
  Start    : 2026-04-17 19:55:46
============================================================
  [Step3 make_answers(haskell)]
[*] All done. Processed 155/155 files.

  [Step4 evaluate(haskell)]
[Global] Total Queries    : 62219
[Global] Top-10 Count     : 58061
[Global] Top-10 Acc       : 93.3%
[Global] Top11~20 Count   : 3416
[Global] CPP Fail         : 0
[HASKELL] Total Queries : 62219
[HASKELL] Found         : 62205  (100.0%)
[HASKELL] Not Found     : 14  (0.0%)
[HASKELL] Fail          : 0  (0.0%)
[Saved] File Report (CSV) -> /home/hyeonjin/PL/tree-sitter/reports/haskell/haskell_file_performance.csv
[Saved] Coverage Report (CSV) -> /home/hyeonjin/PL/tree-sitter/reports/haskell/haskell_coverage.csv

  Total Elapsed: 519s
  End   : 2026-04-17 20:04:25

============================================================
  Language : haskell
  Start    : 2026-04-18 21:44:05
============================================================
  [Step3 make_answers(haskell)]
[*] All done. Processed 155/155 files.

  [Step4 evaluate(haskell)]
[Global] Total Queries    : 62219
[Global] Top-10 Count     : 54884
[Global] Top-10 Acc       : 88.2%
[Global] Top11~20 Count   : 5116
[Global] CPP Fail         : 0
[HASKELL] Total Queries : 62219
[HASKELL] Found         : 61954  (99.6%)
[HASKELL] Not Found     : 265  (0.4%)
[HASKELL] Fail          : 0  (0.0%)
[Saved] File Report (CSV) -> /home/hyeonjin/PL/tree-sitter/reports/haskell/haskell_file_performance.csv
[Saved] Coverage Report (CSV) -> /home/hyeonjin/PL/tree-sitter/reports/haskell/haskell_coverage.csv

  Total Elapsed: 574s
  End   : 2026-04-18 21:53:39

============================================================
  Language : haskell
  Start    : 2026-04-18 23:50:17
============================================================
  [Step3 make_answers(haskell)]
[*] All done. Processed 155/155 files.

  [Step4 evaluate(haskell)]
[Global] Total Queries    : 62219
[Global] Top-10 Count     : 56162
[Global] Top-10 Acc       : 90.3%
[Global] Top11~20 Count   : 4130
[Global] CPP Fail         : 0
[HASKELL] Total Queries : 62219
[HASKELL] Found         : 61858  (99.4%)
[HASKELL] Not Found     : 361  (0.6%)
[HASKELL] Fail          : 0  (0.0%)
[Saved] File Report (CSV) -> /home/hyeonjin/PL/tree-sitter/reports/haskell/haskell_file_performance.csv
[Saved] Coverage Report (CSV) -> /home/hyeonjin/PL/tree-sitter/reports/haskell/haskell_coverage.csv

  Total Elapsed: 572s
  End   : 2026-04-18 23:59:49

============================================================
  Language : haskell
  Start    : 2026-04-19 02:32:23
============================================================
  [Step3 make_answers(haskell)]
[*] All done. Processed 155/155 files.

  [Step4 evaluate(haskell)]
[Global] Total Queries    : 62219
[Global] Top-10 Count     : 54884
[Global] Top-10 Acc       : 88.2%
[Global] Top11~20 Count   : 5116
[Global] CPP Fail         : 0
[HASKELL] Total Queries : 62219
[HASKELL] Found         : 61954  (99.6%)
[HASKELL] Not Found     : 265  (0.4%)
[HASKELL] Fail          : 0  (0.0%)
[Saved] File Report (CSV) -> /home/hyeonjin/PL/tree-sitter/reports/haskell/haskell_file_performance.csv
[Saved] Coverage Report (CSV) -> /home/hyeonjin/PL/tree-sitter/reports/haskell/haskell_coverage.csv

  Total Elapsed: 576s
  End   : 2026-04-19 02:41:59

============================================================
  Language : haskell
  Start    : 2026-04-19 09:55:51
============================================================
  [Step3 make_answers(haskell)]
[*] All done. Processed 155/155 files.

  [Step4 evaluate(haskell)]
[Global] Total Queries    : 62219
[Global] Top-10 Count     : 56143
[Global] Top-10 Acc       : 90.2%
[Global] Top11~20 Count   : 4149
[Global] CPP Fail         : 0
[HASKELL] Total Queries : 62219
[HASKELL] Found         : 61858  (99.4%)
[HASKELL] Not Found     : 361  (0.6%)
[HASKELL] Fail          : 0  (0.0%)
[Saved] File Report (CSV) -> /home/hyeonjin/PL/tree-sitter/reports/haskell/haskell_file_performance.csv
[Saved] Coverage Report (CSV) -> /home/hyeonjin/PL/tree-sitter/reports/haskell/haskell_coverage.csv

  Total Elapsed: 537s
  End   : 2026-04-19 10:04:48

============================================================
  Language : haskell
  Start    : 2026-04-19 15:48:36
============================================================
  [Step1 learn_collect(haskell)]
    - Skipped:   1
[*] Done! JSON saved to: /home/hyeonjin/PL/code-completion-extension/resources/haskell/candidates.json

  [Step2 collect_test(haskell)]
[*] Completed.
    - Success: 155
    - Skipped: 0
    - Total Found: 155
[*] Results are in: /home/hyeonjin/PL/benchmarks_collection/haskell/TEST_data

  [Step3 make_answers(haskell)]
[*] All done. Processed 155/155 files.

============================================================
  Language : haskell
  Start    : 2026-04-19 16:05:20
============================================================
  [Step1 learn_collect(haskell)]
    - Skipped:   1
[*] Done! JSON saved to: /home/hyeonjin/PL/code-completion-extension/resources/haskell/candidates.json

  [Step2 collect_test(haskell)]
[*] Completed.
    - Success: 155
    - Skipped: 0
    - Total Found: 155
[*] Results are in: /home/hyeonjin/PL/benchmarks_collection/haskell/TEST_data

  [Step3 make_answers(haskell)]
[*] All done. Processed 155/155 files.

  [Step4 evaluate(haskell)]
[Global] Total Queries    : 62169
[Global] Top-10 Count     : 56118
[Global] Top-10 Acc       : 90.3%
[Global] Top11~20 Count   : 4153
[Global] CPP Fail         : 0
[HASKELL] Total Queries : 62169
[HASKELL] Found         : 61496  (98.9%)
[HASKELL] Not Found     : 673  (1.1%)
[HASKELL] Fail          : 0  (0.0%)
[Saved] File Report (CSV) -> /home/hyeonjin/PL/tree-sitter/reports/haskell/haskell_file_performance.csv
[Saved] Coverage Report (CSV) -> /home/hyeonjin/PL/tree-sitter/reports/haskell/haskell_coverage.csv

  Total Elapsed: 1011s
  End   : 2026-04-19 16:22:11

============================================================
  Language : haskell
  Start    : 2026-04-20 00:08:49
============================================================
  [Step1 learn_collect(haskell)]
    - Skipped:   1
[*] Done! JSON saved to: /home/hyeonjin/PL/code-completion-extension/resources/haskell/candidates.json

  [Step2 collect_test(haskell)]
[*] Completed.
    - Success: 155
    - Skipped: 0
    - Total Found: 155
[*] Results are in: /home/hyeonjin/PL/benchmarks_collection/haskell/TEST_data

  [Step3 make_answers(haskell)]
[*] All done. Processed 155/155 files.

  [Step4 evaluate(haskell)]
[Global] Total Queries    : 62169
[Global] Top-10 Count     : 58023
[Global] Top-10 Acc       : 93.3%
[Global] Top11~20 Count   : 3431
[Global] CPP Fail         : 0
[HASKELL] Total Queries : 62169
[HASKELL] Found         : 62155  (100.0%)
[HASKELL] Not Found     : 14  (0.0%)
[HASKELL] Fail          : 0  (0.0%)
[Saved] File Report (CSV) -> /home/hyeonjin/PL/tree-sitter/reports/haskell/haskell_file_performance.csv
[Saved] Coverage Report (CSV) -> /home/hyeonjin/PL/tree-sitter/reports/haskell/haskell_coverage.csv

  Total Elapsed: 973s
  End   : 2026-04-20 00:25:02

============================================================
  Language : haskell
  Start    : 2026-04-20 11:19:07
============================================================
  [Step1 learn_collect(haskell)]
    - Skipped:   0
[*] Done! JSON saved to: /home/hyeonjin/PL/code-completion-extension/resources/haskell/candidates.json

  [Step2 collect_test(haskell)]
[*] Completed.
    - Success: 155
    - Skipped: 0
    - Total Found: 155
[*] Results are in: /home/hyeonjin/PL/benchmarks_collection/haskell/TEST_data

  [Step3 make_answers(haskell)]
[*] All done. Processed 155/155 files.

  [Step4 evaluate(haskell)]
[Global] Total Queries    : 62169
[Global] Top-10 Count     : 58215
[Global] Top-10 Acc       : 93.6%
[Global] Top11~20 Count   : 3260
[Global] CPP Fail         : 0
[HASKELL] Total Queries : 62169
[HASKELL] Found         : 62111  (99.9%)
[HASKELL] Not Found     : 58  (0.1%)
[HASKELL] Fail          : 0  (0.0%)
[Saved] File Report (CSV) -> /home/hyeonjin/PL/tree-sitter/reports/haskell/haskell_file_performance.csv
[Saved] Coverage Report (CSV) -> /home/hyeonjin/PL/tree-sitter/reports/haskell/haskell_coverage.csv

  Total Elapsed: 872s
  End   : 2026-04-20 11:33:39

============================================================
  Language : haskell
  Start    : 2026-04-20 14:35:21
============================================================
============================================================
  Language : haskell
  Start    : 2026-04-20 14:42:03
============================================================
  [Step1 learn_collect(haskell)]
    - Skipped:   0
[*] Done! JSON saved to: /home/hyeonjin/PL/code-completion-extension/resources/haskell/candidates.json

  [Step2 collect_test(haskell)]
[*] Completed.
    - Success: 155
    - Skipped: 0
    - Total Found: 155
[*] Results are in: /home/hyeonjin/PL/benchmarks_collection/haskell/TEST_data

  [Step3 make_answers(haskell)]
[*] All done. Processed 155/155 files.

  [Step4 evaluate(haskell)]
[Global] Total Queries    : 62169
[Global] Top-10 Count     : 58215
[Global] Top-10 Acc       : 93.6%
[Global] Top11~20 Count   : 3260
[Global] CPP Fail         : 0
[HASKELL] Total Queries : 62169
[HASKELL] Found         : 62111  (99.9%)
[HASKELL] Not Found     : 58  (0.1%)
[HASKELL] Fail          : 0  (0.0%)
[Saved] File Report (CSV) -> /home/hyeonjin/PL/tree-sitter/reports/haskell/haskell_file_performance.csv
[Saved] Coverage Report (CSV) -> /home/hyeonjin/PL/tree-sitter/reports/haskell/haskell_coverage.csv

  Total Elapsed: 862s
  End   : 2026-04-20 14:56:25

============================================================
  Language : haskell
  Start    : 2026-04-22 12:04:25
============================================================
  [Step1 learn_collect(haskell)]
    - Skipped:   0
[*] Done! JSON saved to: /home/hyeonjin/PL/code-completion-extension/resources/haskell/candidates.json

  [Step2 collect_test(haskell)]
[*] Completed.
    - Success: 155
    - Skipped: 0
    - Total Found: 155
[*] Results are in: /home/hyeonjin/PL/benchmarks_collection/haskell/TEST_data

  [Step3 make_answers(haskell)]
[*] All done. Processed 155/155 files.

  [Step4 evaluate(haskell)]
[Global] Total Queries    : 62169
[Global] Top-10 Count     : 58215
[Global] Top-10 Acc       : 93.6%
[Global] Top11~20 Count   : 3261
[Global] CPP Fail         : 0
[HASKELL] Total Queries : 62169
[HASKELL] Found         : 62111  (99.9%)
[HASKELL] Not Found     : 58  (0.1%)
[HASKELL] Fail          : 0  (0.0%)
[Saved] File Report (CSV) -> /home/hyeonjin/PL/tree-sitter/reports/haskell/haskell_file_performance.csv
[Saved] Coverage Report (CSV) -> /home/hyeonjin/PL/tree-sitter/reports/haskell/haskell_coverage.csv

  Total Elapsed: 928s
  End   : 2026-04-22 12:19:53

============================================================
  Language : haskell
  Start    : 2026-04-22 16:50:37
============================================================
  [Step1 learn_collect(haskell)]
    - Skipped:   0
[*] Done! JSON saved to: /home/hyeonjin/PL/code-completion-extension/resources/haskell/candidates.json

  Total Elapsed: 356s (learn-only)
  End   : 2026-04-22 16:56:33

============================================================
  Language : haskell
  Start    : 2026-04-22 17:04:33
============================================================
  [Step2 collect_test(haskell)]
[*] Completed.
    - Success: 155
    - Skipped: 0
    - Total Found: 155
[*] Results are in: /home/hyeonjin/PL/benchmarks_collection/haskell/TEST_data

  [Step3 make_answers(haskell)]
[*] All done. Processed 155/155 files.

  [Step4 evaluate(haskell)]
[Global] Total Queries    : 62169
[Global] Top-10 Count     : 58215
[Global] Top-10 Acc       : 93.6%
[Global] Top11~20 Count   : 3261
[Global] CPP Fail         : 0
[HASKELL] Total Queries : 62169
[HASKELL] Found         : 62111  (99.9%)
[HASKELL] Not Found     : 58  (0.1%)
[HASKELL] Fail          : 0  (0.0%)
[Saved] File Report (CSV) -> /home/hyeonjin/PL/tree-sitter/reports/haskell/haskell_file_performance.csv
[Saved] Coverage Report (CSV) -> /home/hyeonjin/PL/tree-sitter/reports/haskell/haskell_coverage.csv

  Total Elapsed: 501s
  End   : 2026-04-22 17:12:54

============================================================
  Language : haskell
  Start    : 2026-04-27 14:18:42
============================================================
  [Step1 learn_collect(haskell)]
    - Skipped:   0
[*] Done! JSON saved to: /home/hyeonjin/PL/code-completion-extension/resources/haskell/candidates.json

  [Step2 collect_test(haskell)]
[*] Completed.
    - Success: 155
    - Skipped: 0
    - Total Found: 155
[*] Results are in: /home/hyeonjin/PL/benchmarks_collection/haskell/TEST_data

  [Step3 make_answers(haskell)]
[*] All done. Processed 155/155 files.

  [Step4 evaluate(haskell)]
[Global] Total Queries    : 62169
[Global] Top-10 Count     : 58215
[Global] Top-10 Acc       : 93.6%
[Global] Top11~20 Count   : 3261
[Global] CPP Fail         : 0
[HASKELL] Total Queries : 62169
[HASKELL] Found         : 62111  (99.9%)
[HASKELL] Not Found     : 58  (0.1%)
[HASKELL] Fail          : 0  (0.0%)
[Saved] File Report (CSV) -> /home/hyeonjin/PL/tree-sitter/reports/haskell/haskell_file_performance.csv
[Saved] Coverage Report (CSV) -> /home/hyeonjin/PL/tree-sitter/reports/haskell/haskell_coverage.csv

  Total Elapsed: 832s
  End   : 2026-04-27 14:32:34

============================================================
  Language : haskell
  Start    : 2026-04-28 18:13:00
============================================================
  [Step1 learn_collect(haskell)]
    - Skipped:   0
[*] Done! JSON saved to: /home/hyeonjin/PL/code-completion-extension/resources/haskell/candidates.json

  [Step2 collect_test(haskell)]
[*] Completed.
    - Success: 155
    - Skipped: 0
    - Total Found: 155
[*] Results are in: /home/hyeonjin/PL/benchmarks_collection/haskell/TEST_data

  [Step3 make_answers(haskell)]
[*] All done. Processed 155/155 files.

============================================================
  Language : haskell
  Start    : 2026-04-28 18:41:47
============================================================
  [Step1 learn_collect(haskell)]
    - Skipped:   0
[*] Done! JSON saved to: /home/hyeonjin/PL/code-completion-extension/resources/haskell/candidates.json

  [Step2 collect_test(haskell)]
[*] Completed.
    - Success: 155
    - Skipped: 0
    - Total Found: 155
[*] Results are in: /home/hyeonjin/PL/benchmarks_collection/haskell/TEST_data

  [Step3 make_answers(haskell)]
[*] All done. Processed 155/155 files.

  [Step4 evaluate(haskell)]
[Global] Total Queries    : 62169
[Global] Top-10 Count     : 58215
[Global] Top-10 Acc       : 93.6%
[Global] Top11~20 Count   : 3261
[Global] CPP Fail         : 0
[HASKELL] Total Queries : 62169
[HASKELL] Found         : 62111  (99.9%)
[HASKELL] Not Found     : 58  (0.1%)
[HASKELL] Fail          : 0  (0.0%)
[Saved] File Report (CSV) -> /home/hyeonjin/PL/tree-sitter/reports/haskell/haskell_file_performance.csv
[Saved] Coverage Report (CSV) -> /home/hyeonjin/PL/tree-sitter/reports/haskell/haskell_coverage.csv

  Total Elapsed: 861s
  End   : 2026-04-28 18:56:08

