============================================================
  Language : php
  Start    : 2026-04-16 14:50:04
============================================================
  [Step3 make_answers(php)]
[*] All done. Processed 1643/1643 files.

  [Step4 evaluate(php)]
[Global] Total Queries    : 233567
[Global] Top-10 Count     : 222630
[Global] Top-10 Acc       : 95.3%
[Global] Top11~20 Count   : 7740
[Global] CPP Fail         : 0
[PHP] Total Queries : 233567
[PHP] Found         : 232725  (99.6%)
[PHP] Not Found     : 842  (0.4%)
[PHP] Fail          : 0  (0.0%)
[Saved] File Report (CSV) -> /home/hyeonjin/PL/tree-sitter/reports/php/php_file_performance.csv
[Saved] Coverage Report (CSV) -> /home/hyeonjin/PL/tree-sitter/reports/php/php_coverage.csv

  Total Elapsed: 937s
  End   : 2026-04-16 15:05:41

============================================================
  Language : php
  Start    : 2026-04-17 12:20:35
============================================================
  [Step3 make_answers(php)]
[*] All done. Processed 1643/1643 files.

  [Step4 evaluate(php)]
[Global] Total Queries    : 233567
[Global] Top-10 Count     : 222630
[Global] Top-10 Acc       : 95.3%
[Global] Top11~20 Count   : 7740
[Global] CPP Fail         : 0
[PHP] Total Queries : 233567
[PHP] Found         : 232725  (99.6%)
[PHP] Not Found     : 842  (0.4%)
[PHP] Fail          : 0  (0.0%)
[Saved] File Report (CSV) -> /home/hyeonjin/PL/tree-sitter/reports/php/php_file_performance.csv
[Saved] Coverage Report (CSV) -> /home/hyeonjin/PL/tree-sitter/reports/php/php_coverage.csv

  Total Elapsed: 933s
  End   : 2026-04-17 12:36:08

============================================================
  Language : php
  Start    : 2026-04-17 14:55:25
============================================================
  [Step3 make_answers(php)]
[*] All done. Processed 1643/1643 files.

  [Step4 evaluate(php)]
[Global] Total Queries    : 233567
[Global] Top-10 Count     : 222630
[Global] Top-10 Acc       : 95.3%
[Global] Top11~20 Count   : 7740
[Global] CPP Fail         : 0
[PHP] Total Queries : 233567
[PHP] Found         : 232725  (99.6%)
[PHP] Not Found     : 842  (0.4%)
[PHP] Fail          : 0  (0.0%)
[Saved] File Report (CSV) -> /home/hyeonjin/PL/tree-sitter/reports/php/php_file_performance.csv
[Saved] Coverage Report (CSV) -> /home/hyeonjin/PL/tree-sitter/reports/php/php_coverage.csv

  Total Elapsed: 934s
  End   : 2026-04-17 15:10:59

============================================================
  Language : php
  Start    : 2026-04-17 19:55:46
============================================================
  [Step3 make_answers(php)]
[*] All done. Processed 1643/1643 files.

  [Step4 evaluate(php)]
[Global] Total Queries    : 233567
[Global] Top-10 Count     : 222630
[Global] Top-10 Acc       : 95.3%
[Global] Top11~20 Count   : 7740
[Global] CPP Fail         : 0
[PHP] Total Queries : 233567
[PHP] Found         : 232725  (99.6%)
[PHP] Not Found     : 842  (0.4%)
[PHP] Fail          : 0  (0.0%)
[Saved] File Report (CSV) -> /home/hyeonjin/PL/tree-sitter/reports/php/php_file_performance.csv
[Saved] Coverage Report (CSV) -> /home/hyeonjin/PL/tree-sitter/reports/php/php_coverage.csv

  Total Elapsed: 923s
  End   : 2026-04-17 20:11:09

============================================================
  Language : php
  Start    : 2026-04-18 21:44:05
============================================================
  [Step3 make_answers(php)]
[*] All done. Processed 1643/1643 files.

  [Step4 evaluate(php)]
[Global] Total Queries    : 233567
[Global] Top-10 Count     : 221208
[Global] Top-10 Acc       : 94.7%
[Global] Top11~20 Count   : 7725
[Global] CPP Fail         : 0
[PHP] Total Queries : 233567
[PHP] Found         : 231283  (99.0%)
[PHP] Not Found     : 2284  (1.0%)
[PHP] Fail          : 0  (0.0%)
[Saved] File Report (CSV) -> /home/hyeonjin/PL/tree-sitter/reports/php/php_file_performance.csv
[Saved] Coverage Report (CSV) -> /home/hyeonjin/PL/tree-sitter/reports/php/php_coverage.csv

  Total Elapsed: 934s
  End   : 2026-04-18 21:59:39

============================================================
  Language : php
  Start    : 2026-04-18 23:50:17
============================================================
  [Step3 make_answers(php)]
[*] All done. Processed 1643/1643 files.

  [Step4 evaluate(php)]
[Global] Total Queries    : 233567
[Global] Top-10 Count     : 221208
[Global] Top-10 Acc       : 94.7%
[Global] Top11~20 Count   : 7725
[Global] CPP Fail         : 0
[PHP] Total Queries : 233567
[PHP] Found         : 231283  (99.0%)
[PHP] Not Found     : 2284  (1.0%)
[PHP] Fail          : 0  (0.0%)
[Saved] File Report (CSV) -> /home/hyeonjin/PL/tree-sitter/reports/php/php_file_performance.csv
[Saved] Coverage Report (CSV) -> /home/hyeonjin/PL/tree-sitter/reports/php/php_coverage.csv

  Total Elapsed: 941s
  End   : 2026-04-19 00:05:58

============================================================
  Language : php
  Start    : 2026-04-19 02:32:23
============================================================
  [Step3 make_answers(php)]
[*] All done. Processed 1643/1643 files.

  [Step4 evaluate(php)]
[Global] Total Queries    : 233567
[Global] Top-10 Count     : 221208
[Global] Top-10 Acc       : 94.7%
[Global] Top11~20 Count   : 7725
[Global] CPP Fail         : 0
[PHP] Total Queries : 233567
[PHP] Found         : 231283  (99.0%)
[PHP] Not Found     : 2284  (1.0%)
[PHP] Fail          : 0  (0.0%)
[Saved] File Report (CSV) -> /home/hyeonjin/PL/tree-sitter/reports/php/php_file_performance.csv
[Saved] Coverage Report (CSV) -> /home/hyeonjin/PL/tree-sitter/reports/php/php_coverage.csv

  Total Elapsed: 937s
  End   : 2026-04-19 02:48:00

============================================================
  Language : php
  Start    : 2026-04-19 15:48:36
============================================================
  [Step1 learn_collect(php)]
    - Skipped:   0
[*] Done! JSON saved to: /home/hyeonjin/PL/code-completion-extension/resources/php/candidates.json

  [Step2 collect_test(php)]
[*] Completed.
    - Success: 1643
    - Skipped: 3
    - Total Found: 1646
[*] Results are in: /home/hyeonjin/PL/benchmarks_collection/php/TEST_data

  [Step3 make_answers(php)]
[*] All done. Processed 1643/1643 files.

============================================================
  Language : php
  Start    : 2026-04-19 16:05:20
============================================================
  [Step1 learn_collect(php)]
    - Skipped:   0
[*] Done! JSON saved to: /home/hyeonjin/PL/code-completion-extension/resources/php/candidates.json

  [Step2 collect_test(php)]
[*] Completed.
    - Success: 1643
    - Skipped: 3
    - Total Found: 1646
[*] Results are in: /home/hyeonjin/PL/benchmarks_collection/php/TEST_data

  [Step3 make_answers(php)]
[*] All done. Processed 1643/1643 files.

  [Step4 evaluate(php)]
[Global] Total Queries    : 233567
[Global] Top-10 Count     : 221208
[Global] Top-10 Acc       : 94.7%
[Global] Top11~20 Count   : 7725
[Global] CPP Fail         : 0
[PHP] Total Queries : 233567
[PHP] Found         : 231283  (99.0%)
[PHP] Not Found     : 2284  (1.0%)
[PHP] Fail          : 0  (0.0%)
[Saved] File Report (CSV) -> /home/hyeonjin/PL/tree-sitter/reports/php/php_file_performance.csv
[Saved] Coverage Report (CSV) -> /home/hyeonjin/PL/tree-sitter/reports/php/php_coverage.csv

  Total Elapsed: 1320s
  End   : 2026-04-19 16:27:20

============================================================
  Language : php
  Start    : 2026-04-20 00:08:49
============================================================
  [Step1 learn_collect(php)]
    - Skipped:   0
[*] Done! JSON saved to: /home/hyeonjin/PL/code-completion-extension/resources/php/candidates.json

  [Step2 collect_test(php)]
[*] Completed.
    - Success: 1643
    - Skipped: 3
    - Total Found: 1646
[*] Results are in: /home/hyeonjin/PL/benchmarks_collection/php/TEST_data

  [Step3 make_answers(php)]
[*] All done. Processed 1643/1643 files.

  [Step4 evaluate(php)]
[Global] Total Queries    : 233567
[Global] Top-10 Count     : 222630
[Global] Top-10 Acc       : 95.3%
[Global] Top11~20 Count   : 7740
[Global] CPP Fail         : 0
[PHP] Total Queries : 233567
[PHP] Found         : 232725  (99.6%)
[PHP] Not Found     : 842  (0.4%)
[PHP] Fail          : 0  (0.0%)
[Saved] File Report (CSV) -> /home/hyeonjin/PL/tree-sitter/reports/php/php_file_performance.csv
[Saved] Coverage Report (CSV) -> /home/hyeonjin/PL/tree-sitter/reports/php/php_coverage.csv

  Total Elapsed: 1326s
  End   : 2026-04-20 00:30:55

============================================================
  Language : php
  Start    : 2026-04-20 11:19:07
============================================================
  [Step1 learn_collect(php)]
    - Skipped:   0
[*] Done! JSON saved to: /home/hyeonjin/PL/code-completion-extension/resources/php/candidates.json

  [Step2 collect_test(php)]
[*] Completed.
    - Success: 1643
    - Skipped: 3
    - Total Found: 1646
[*] Results are in: /home/hyeonjin/PL/benchmarks_collection/php/TEST_data

  [Step3 make_answers(php)]
[*] All done. Processed 1643/1643 files.

  [Step4 evaluate(php)]
[Global] Total Queries    : 233567
[Global] Top-10 Count     : 222630
[Global] Top-10 Acc       : 95.3%
[Global] Top11~20 Count   : 7740
[Global] CPP Fail         : 0
[PHP] Total Queries : 233567
[PHP] Found         : 232725  (99.6%)
[PHP] Not Found     : 842  (0.4%)
[PHP] Fail          : 0  (0.0%)
[Saved] File Report (CSV) -> /home/hyeonjin/PL/tree-sitter/reports/php/php_file_performance.csv
[Saved] Coverage Report (CSV) -> /home/hyeonjin/PL/tree-sitter/reports/php/php_coverage.csv

  Total Elapsed: 1363s
  End   : 2026-04-20 11:41:50

============================================================
  Language : php
  Start    : 2026-04-20 14:35:21
============================================================
============================================================
  Language : php
  Start    : 2026-04-20 14:42:03
============================================================
  [Step1 learn_collect(php)]
    - Skipped:   0
[*] Done! JSON saved to: /home/hyeonjin/PL/code-completion-extension/resources/php/candidates.json

  [Step2 collect_test(php)]
[*] Completed.
    - Success: 148
    - Skipped: 0
    - Total Found: 148
[*] Results are in: /home/hyeonjin/PL/benchmarks_collection/php/TEST_data

  [Step3 make_answers(php)]
[*] All done. Processed 148/148 files.

  [Step4 evaluate(php)]
[Global] Total Queries    : 58912
[Global] Top-10 Count     : 55781
[Global] Top-10 Acc       : 94.7%
[Global] Top11~20 Count   : 2497
[Global] CPP Fail         : 0
[PHP] Total Queries : 58912
[PHP] Found         : 58780  (99.8%)
[PHP] Not Found     : 132  (0.2%)
[PHP] Fail          : 0  (0.0%)
[Saved] File Report (CSV) -> /home/hyeonjin/PL/tree-sitter/reports/php/php_file_performance.csv
[Saved] Coverage Report (CSV) -> /home/hyeonjin/PL/tree-sitter/reports/php/php_coverage.csv

  Total Elapsed: 897s
  End   : 2026-04-20 14:57:00

============================================================
  Language : php
  Start    : 2026-04-20 15:27:54
============================================================
  [Step1 learn_collect(php)]
    - Skipped:   0
[*] Done! JSON saved to: /home/hyeonjin/PL/code-completion-extension/resources/php/candidates.json

  [Step2 collect_test(php)]
[*] Completed.
    - Success: 382
    - Skipped: 0
    - Total Found: 382
[*] Results are in: /home/hyeonjin/PL/benchmarks_collection/php/TEST_data

  [Step3 make_answers(php)]
[*] All done. Processed 382/382 files.

  [Step4 evaluate(php)]
[Global] Total Queries    : 44086
[Global] Top-10 Count     : 40096
[Global] Top-10 Acc       : 90.9%
[Global] Top11~20 Count   : 1484
[Global] CPP Fail         : 0
[PHP] Total Queries : 44086
[PHP] Found         : 42820  (97.1%)
[PHP] Not Found     : 1266  (2.9%)
[PHP] Fail          : 0  (0.0%)
[Saved] File Report (CSV) -> /home/hyeonjin/PL/tree-sitter/reports/php/php_file_performance.csv
[Saved] Coverage Report (CSV) -> /home/hyeonjin/PL/tree-sitter/reports/php/php_coverage.csv

  Total Elapsed: 531s
  End   : 2026-04-20 15:36:45

============================================================
  Language : php
  Start    : 2026-04-20 15:52:03
============================================================
  [Step1 learn_collect(php)]
    - Skipped:   0
[*] Done! JSON saved to: /home/hyeonjin/PL/code-completion-extension/resources/php/candidates.json

  [Step2 collect_test(php)]
[*] Completed.
    - Success: 552
    - Skipped: 0
    - Total Found: 552
[*] Results are in: /home/hyeonjin/PL/benchmarks_collection/php/TEST_data

  [Step3 make_answers(php)]
[*] All done. Processed 552/552 files.

  [Step4 evaluate(php)]
[Global] Total Queries    : 63228
[Global] Top-10 Count     : 60000
[Global] Top-10 Acc       : 94.9%
[Global] Top11~20 Count   : 1873
[Global] CPP Fail         : 0
[PHP] Total Queries : 63228
[PHP] Found         : 62741  (99.2%)
[PHP] Not Found     : 487  (0.8%)
[PHP] Fail          : 0  (0.0%)
[Saved] File Report (CSV) -> /home/hyeonjin/PL/tree-sitter/reports/php/php_file_performance.csv
[Saved] Coverage Report (CSV) -> /home/hyeonjin/PL/tree-sitter/reports/php/php_coverage.csv

  Total Elapsed: 561s
  End   : 2026-04-20 16:01:24

============================================================
  Language : php
  Start    : 2026-04-22 12:04:25
============================================================
  [Step1 learn_collect(php)]
    - Skipped:   0
[*] Done! JSON saved to: /home/hyeonjin/PL/code-completion-extension/resources/php/candidates.json

  [Step2 collect_test(php)]
[*] Completed.
    - Success: 552
    - Skipped: 0
    - Total Found: 552
[*] Results are in: /home/hyeonjin/PL/benchmarks_collection/php/TEST_data

  [Step3 make_answers(php)]
[*] All done. Processed 552/552 files.

  [Step4 evaluate(php)]
[Global] Total Queries    : 63228
[Global] Top-10 Count     : 60000
[Global] Top-10 Acc       : 94.9%
[Global] Top11~20 Count   : 1873
[Global] CPP Fail         : 0
[PHP] Total Queries : 63228
[PHP] Found         : 62741  (99.2%)
[PHP] Not Found     : 487  (0.8%)
[PHP] Fail          : 0  (0.0%)
[Saved] File Report (CSV) -> /home/hyeonjin/PL/tree-sitter/reports/php/php_file_performance.csv
[Saved] Coverage Report (CSV) -> /home/hyeonjin/PL/tree-sitter/reports/php/php_coverage.csv

  Total Elapsed: 604s
  End   : 2026-04-22 12:14:29

============================================================
  Language : php
  Start    : 2026-04-22 16:50:37
============================================================
  [Step1 learn_collect(php)]
    - Skipped:   0
[*] Done! JSON saved to: /home/hyeonjin/PL/code-completion-extension/resources/php/candidates.json

  Total Elapsed: 424s (learn-only)
  End   : 2026-04-22 16:57:41

============================================================
  Language : php
  Start    : 2026-04-22 17:04:33
============================================================
  [Step2 collect_test(php)]
[*] Completed.
    - Success: 552
    - Skipped: 0
    - Total Found: 552
[*] Results are in: /home/hyeonjin/PL/benchmarks_collection/php/TEST_data

  [Step3 make_answers(php)]
[*] All done. Processed 552/552 files.

  [Step4 evaluate(php)]
[Global] Total Queries    : 63228
[Global] Top-10 Count     : 60000
[Global] Top-10 Acc       : 94.9%
[Global] Top11~20 Count   : 1873
[Global] CPP Fail         : 0
[PHP] Total Queries : 63228
[PHP] Found         : 62741  (99.2%)
[PHP] Not Found     : 487  (0.8%)
[PHP] Fail          : 0  (0.0%)
[Saved] File Report (CSV) -> /home/hyeonjin/PL/tree-sitter/reports/php/php_file_performance.csv
[Saved] Coverage Report (CSV) -> /home/hyeonjin/PL/tree-sitter/reports/php/php_coverage.csv

  Total Elapsed: 162s
  End   : 2026-04-22 17:07:15

============================================================
  Language : php
  Start    : 2026-04-27 14:18:42
============================================================
  [Step1 learn_collect(php)]
    - Skipped:   0
[*] Done! JSON saved to: /home/hyeonjin/PL/code-completion-extension/resources/php/candidates.json

  [Step2 collect_test(php)]
[*] Completed.
    - Success: 552
    - Skipped: 0
    - Total Found: 552
[*] Results are in: /home/hyeonjin/PL/benchmarks_collection/php/TEST_data

  [Step3 make_answers(php)]
[*] All done. Processed 552/552 files.

  [Step4 evaluate(php)]
[Global] Total Queries    : 63228
[Global] Top-10 Count     : 59984
[Global] Top-10 Acc       : 94.9%
[Global] Top11~20 Count   : 1864
[Global] CPP Fail         : 0
[PHP] Total Queries : 63228
[PHP] Found         : 62741  (99.2%)
[PHP] Not Found     : 487  (0.8%)
[PHP] Fail          : 0  (0.0%)
[Saved] File Report (CSV) -> /home/hyeonjin/PL/tree-sitter/reports/php/php_file_performance.csv
[Saved] Coverage Report (CSV) -> /home/hyeonjin/PL/tree-sitter/reports/php/php_coverage.csv

  Total Elapsed: 550s
  End   : 2026-04-27 14:27:52

============================================================
  Language : php
  Start    : 2026-04-28 18:13:00
============================================================
  [Step1 learn_collect(php)]
    - Skipped:   0
[*] Done! JSON saved to: /home/hyeonjin/PL/code-completion-extension/resources/php/candidates.json

  [Step2 collect_test(php)]
[*] Completed.
    - Success: 552
    - Skipped: 0
    - Total Found: 552
[*] Results are in: /home/hyeonjin/PL/benchmarks_collection/php/TEST_data

  [Step3 make_answers(php)]
[*] All done. Processed 552/552 files.

  [Step4 evaluate(php)]
[Global] Total Queries    : 63228
[Global] Top-10 Count     : 60000
[Global] Top-10 Acc       : 94.9%
[Global] Top11~20 Count   : 1873
[Global] CPP Fail         : 0
[PHP] Total Queries : 63228
[PHP] Found         : 62741  (99.2%)
[PHP] Not Found     : 487  (0.8%)
[PHP] Fail          : 0  (0.0%)
[Saved] File Report (CSV) -> /home/hyeonjin/PL/tree-sitter/reports/php/php_file_performance.csv
[Saved] Coverage Report (CSV) -> /home/hyeonjin/PL/tree-sitter/reports/php/php_coverage.csv

  Total Elapsed: 535s
  End   : 2026-04-28 18:21:55

============================================================
  Language : php
  Start    : 2026-04-28 18:41:47
============================================================
  [Step1 learn_collect(php)]
    - Skipped:   0
[*] Done! JSON saved to: /home/hyeonjin/PL/code-completion-extension/resources/php/candidates.json

  [Step2 collect_test(php)]
[*] Completed.
    - Success: 552
    - Skipped: 0
    - Total Found: 552
[*] Results are in: /home/hyeonjin/PL/benchmarks_collection/php/TEST_data

  [Step3 make_answers(php)]
[*] All done. Processed 552/552 files.

  [Step4 evaluate(php)]
[Global] Total Queries    : 63228
[Global] Top-10 Count     : 60000
[Global] Top-10 Acc       : 94.9%
[Global] Top11~20 Count   : 1873
[Global] CPP Fail         : 0
[PHP] Total Queries : 63228
[PHP] Found         : 62741  (99.2%)
[PHP] Not Found     : 487  (0.8%)
[PHP] Fail          : 0  (0.0%)
[Saved] File Report (CSV) -> /home/hyeonjin/PL/tree-sitter/reports/php/php_file_performance.csv
[Saved] Coverage Report (CSV) -> /home/hyeonjin/PL/tree-sitter/reports/php/php_coverage.csv

  Total Elapsed: 549s
  End   : 2026-04-28 18:50:56

