############################################################
  run_pipeline_all.sh
  Start   : 2026-03-31 20:41:13
  Languages: haskell
  Options : none
  Log file: /home/hyeonjin/PL/tree-sitter/pipeline_all_20260331_204113.log
############################################################

============================================================
  [ALL] >>> Language: haskell
  [ALL]     Start   : 2026-03-31 20:41:13
============================================================
============================================================
  Language : haskell
  Start    : 2026-03-31 20:41:13
============================================================

>>> [Step 1/4] rebuild_all
    Script : /home/hyeonjin/PL/tree-sitter/rebuild_all_haskell.sh
=== [0] Sanity Checks ===

=== [1] Cargo Build (Tree-sitter CLI) ===
warning: hiding a lifetime that's elided elsewhere is confusing
   --> lib/binding_rust/lib.rs:695:19
    |
695 |     pub fn logger(&self) -> Option<&Logger> {
    |                   ^^^^^            ^^^^^^^
    |                   |                ||
    |                   |                |the same lifetime is hidden here
    |                   |                the same lifetime is elided here
    |                   the lifetime is elided here
    |
    = help: the same lifetime is referred to in inconsistent ways, making the signature confusing
    = note: `#[warn(mismatched_lifetime_syntaxes)]` on by default
help: use `'_` for type paths
    |
695 |     pub fn logger(&self) -> Option<&Logger<'_>> {
    |                                           ++++

warning: hiding a lifetime that's elided elsewhere is confusing
    --> lib/binding_rust/lib.rs:1455:22
     |
1455 |     pub fn root_node(&self) -> Node {
     |                      ^^^^^     ^^^^ the same lifetime is hidden here
     |                      |
     |                      the lifetime is elided here
     |
     = help: the same lifetime is referred to in inconsistent ways, making the signature confusing
help: use `'_` for type paths
     |
1455 |     pub fn root_node(&self) -> Node<'_> {
     |                                    ++++

warning: hiding a lifetime that's elided elsewhere is confusing
    --> lib/binding_rust/lib.rs:1463:34
     |
1463 |     pub fn root_node_with_offset(&self, offset_bytes: usize, offset_extent: Point) -> Node {
     |                                  ^^^^^ the lifetime is elided here                    ^^^^ the same lifetime is hidden here
     |
     = help: the same lifetime is referred to in inconsistent ways, making the signature confusing
help: use `'_` for type paths
     |
1463 |     pub fn root_node_with_offset(&self, offset_bytes: usize, offset_extent: Point) -> Node<'_> {
     |                                                                                           ++++

warning: hiding a lifetime that's elided elsewhere is confusing
    --> lib/binding_rust/lib.rs:1477:21
     |
1477 |     pub fn language(&self) -> LanguageRef {
     |                     ^^^^^     ^^^^^^^^^^^ the same lifetime is hidden here
     |                     |
     |                     the lifetime is elided here
     |
     = help: the same lifetime is referred to in inconsistent ways, making the signature confusing
help: use `'_` for type paths
     |
1477 |     pub fn language(&self) -> LanguageRef<'_> {
     |                                          ++++

warning: hiding a lifetime that's elided elsewhere is confusing
    --> lib/binding_rust/lib.rs:1497:17
     |
1497 |     pub fn walk(&self) -> TreeCursor {
     |                 ^^^^^     ^^^^^^^^^^ the same lifetime is hidden here
     |                 |
     |                 the lifetime is elided here
     |
     = help: the same lifetime is referred to in inconsistent ways, making the signature confusing
help: use `'_` for type paths
     |
1497 |     pub fn walk(&self) -> TreeCursor<'_> {
     |                                     ++++

warning: hiding a lifetime that's elided elsewhere is confusing
    --> lib/binding_rust/lib.rs:1640:21
     |
1640 |     pub fn language(&self) -> LanguageRef {
     |                     ^^^^^     ^^^^^^^^^^^ the same lifetime is hidden here
     |                     |
     |                     the lifetime is elided here
     |
     = help: the same lifetime is referred to in inconsistent ways, making the signature confusing
help: use `'_` for type paths
     |
1640 |     pub fn language(&self) -> LanguageRef<'_> {
     |                                          ++++

warning: `tree-sitter` (lib) generated 6 warnings (run `cargo fix --lib -p tree-sitter` to apply 6 suggestions)
warning: variable does not need to be mutable
   --> crates/generate/src/build_tables.rs:345:21
    |
345 |                 let mut sym_str = get_pretty_symbol_name(
    |                     ----^^^^^^^
    |                     |
    |                     help: remove this `mut`
    |
    = note: `#[warn(unused_mut)]` (part of `#[warn(unused)]`) on by default

warning: unused variable: `input_grammar`
  --> crates/generate/src/build_tables.rs:46:5
   |
46 |     input_grammar: &InputGrammar,
   |     ^^^^^^^^^^^^^ help: if this is intentional, prefix it with an underscore: `_input_grammar`
   |
   = note: `#[warn(unused_variables)]` (part of `#[warn(unused)]`) on by default

warning: unused variable: `dynamic_precedence`
   --> crates/generate/src/build_tables.rs:976:25
    |
976 |                         dynamic_precedence,
    |                         ^^^^^^^^^^^^^^^^^^ help: try ignoring the field: `dynamic_precedence: _`

warning: unused variable: `production_id`
   --> crates/generate/src/build_tables.rs:977:25
    |
977 |                         production_id,
    |                         ^^^^^^^^^^^^^ help: try ignoring the field: `production_id: _`

warning: unused variable: `nt_idx`
    --> crates/generate/src/build_tables.rs:1223:10
     |
1223 |     for (nt_idx, var) in syntax_grammar.variables.iter().enumerate() {
     |          ^^^^^^ help: if this is intentional, prefix it with an underscore: `_nt_idx`

warning: unused variable: `prod_idx`
    --> crates/generate/src/build_tables.rs:1224:14
     |
1224 |         for (prod_idx, prod) in var.productions.iter().enumerate() {
     |              ^^^^^^^^ help: if this is intentional, prefix it with an underscore: `_prod_idx`

warning: `tree-sitter-generate` (lib) generated 6 warnings (run `cargo fix --lib -p tree-sitter-generate` to apply 6 suggestions)
warning: hiding a lifetime that's elided elsewhere is confusing
   --> crates/loader/src/loader.rs:542:44
    |
542 |     pub fn get_all_language_configurations(&self) -> Vec<(&LanguageConfiguration, &Path)> {
    |                                            ^^^^^          ^^^^^^^^^^^^^^^^^^^^^^  ^^^^^ the same lifetime is elided here
    |                                            |              ||
    |                                            |              |the same lifetime is hidden here
    |                                            |              the same lifetime is elided here
    |                                            the lifetime is elided here
    |
    = help: the same lifetime is referred to in inconsistent ways, making the signature confusing
    = note: `#[warn(mismatched_lifetime_syntaxes)]` on by default
help: use `'_` for type paths
    |
542 |     pub fn get_all_language_configurations(&self) -> Vec<(&LanguageConfiguration<'_>, &Path)> {
    |                                                                                 ++++

warning: hiding a lifetime that's elided elsewhere is confusing
   --> crates/loader/src/loader.rs:550:9
    |
550 |         &self,
    |         ^^^^^ the lifetime is elided here
551 |         scope: &str,
552 |     ) -> Result<Option<(Language, &LanguageConfiguration)>> {
    |                                   ^^^^^^^^^^^^^^^^^^^^^^
    |                                   ||
    |                                   |the same lifetime is hidden here
    |                                   the same lifetime is elided here
    |
    = help: the same lifetime is referred to in inconsistent ways, making the signature confusing
help: use `'_` for type paths
    |
552 |     ) -> Result<Option<(Language, &LanguageConfiguration<'_>)>> {
    |                                                         ++++

warning: hiding a lifetime that's elided elsewhere is confusing
   --> crates/loader/src/loader.rs:563:9
    |
563 |         &self,
    |         ^^^^^ the lifetime is elided here
564 |         path: &Path,
565 |     ) -> Result<Option<(Language, &LanguageConfiguration)>> {
    |                                   ^^^^^^^^^^^^^^^^^^^^^^
    |                                   ||
    |                                   |the same lifetime is hidden here
    |                                   the same lifetime is elided here
    |
    = help: the same lifetime is referred to in inconsistent ways, making the signature confusing
help: use `'_` for type paths
    |
565 |     ) -> Result<Option<(Language, &LanguageConfiguration<'_>)>> {
    |                                                         ++++

warning: hiding a lifetime that's elided elsewhere is confusing
   --> crates/loader/src/loader.rs:587:9
    |
587 |         &self,
    |         ^^^^^ the lifetime is elided here
588 |         path: &Path,
589 |     ) -> Result<Option<(Language, &LanguageConfiguration)>> {
    |                                   ^^^^^^^^^^^^^^^^^^^^^^
    |                                   ||
    |                                   |the same lifetime is hidden here
    |                                   the same lifetime is elided here
    |
    = help: the same lifetime is referred to in inconsistent ways, making the signature confusing
help: use `'_` for type paths
    |
589 |     ) -> Result<Option<(Language, &LanguageConfiguration<'_>)>> {
    |                                                         ++++

warning: hiding a lifetime that's elided elsewhere is confusing
   --> crates/loader/src/loader.rs:659:9
    |
659 |         &self,
    |         ^^^^^ the lifetime is elided here
660 |         string: &str,
661 |     ) -> Result<Option<(Language, &LanguageConfiguration)>> {
    |                                   ^^^^^^^^^^^^^^^^^^^^^^
    |                                   ||
    |                                   |the same lifetime is hidden here
    |                                   the same lifetime is elided here
    |
    = help: the same lifetime is referred to in inconsistent ways, making the signature confusing
help: use `'_` for type paths
    |
661 |     ) -> Result<Option<(Language, &LanguageConfiguration<'_>)>> {
    |                                                         ++++

warning: hiding a lifetime that's elided elsewhere is confusing
    --> crates/loader/src/loader.rs:1213:55
     |
1213 |     pub fn get_language_configuration_in_current_path(&self) -> Option<&LanguageConfiguration> {
     |                                                       ^^^^^            ^^^^^^^^^^^^^^^^^^^^^^
     |                                                       |                ||
     |                                                       |                |the same lifetime is hidden here
     |                                                       |                the same lifetime is elided here
     |                                                       the lifetime is elided here
     |
     = help: the same lifetime is referred to in inconsistent ways, making the signature confusing
help: use `'_` for type paths
     |
1213 |     pub fn get_language_configuration_in_current_path(&self) -> Option<&LanguageConfiguration<'_>> {
     |                                                                                              ++++

warning: hiding a lifetime that's elided elsewhere is confusing
    --> crates/loader/src/loader.rs:1219:9
     |
1219 |         &mut self,
     |         ^^^^^^^^^ the lifetime is elided here
...
1222 |     ) -> Result<&[LanguageConfiguration]> {
     |                 ^^^^^^^^^^^^^^^^^^^^^^^^
     |                 | |
     |                 | the same lifetime is hidden here
     |                 the same lifetime is elided here
     |
     = help: the same lifetime is referred to in inconsistent ways, making the signature confusing
help: use `'_` for type paths
     |
1222 |     ) -> Result<&[LanguageConfiguration<'_>]> {
     |                                        ++++

warning: `tree-sitter-loader` (lib) generated 7 warnings (run `cargo fix --lib -p tree-sitter-loader` to apply 7 suggestions)
    Finished `dev` profile [unoptimized + debuginfo] target(s) in 0.10s

=== [2] Generate/Build (tree-sitter-haskell) ===
 -> Cleaning up old artifacts...
[Custom] Generated token_mapping.json -> /home/hyeonjin/PL/code-completion-extension/resources/haskell/token_mapping.json
[Custom] Dumping Core Items to 'LR_Items_By_Core.txt'...
[Custom] Step 1 Complete.
[Custom] Merging 'LR_Items_By_Core.txt' into final 'LR_Items_Dump.txt'...
[Custom] Merge Complete. 'LR_Items_Dump.txt' is ready.

thread 'main' (3951130) panicked at crates/cli/src/main.rs:885:18:
called `Result::unwrap()` on an `Err` value: Parser compilation failed.
Stdout: 
Stderr: In file included from /home/hyeonjin/PL/tree-sitter-haskell/src/scanner.c:63:
/home/hyeonjin/PL/tree-sitter-haskell/src/scanner.c: In function 'pop':
/home/hyeonjin/PL/tree-sitter-haskell/src/tree_sitter/array.h:107:42: warning: value computed is not used [-Wunused-value]
  107 | #define array_pop(self) ((self)->contents[--(self)->size])
      |                         ~~~~~~~~~~~~~~~~~^~~~~~~~~~~~~~~~~
/home/hyeonjin/PL/tree-sitter-haskell/src/scanner.c:971:9: note: in expansion of macro 'array_pop'
  971 |         array_pop(&env->state->contexts);
      |         ^~~~~~~~~
/home/hyeonjin/PL/tree-sitter-haskell/src/scanner.c: In function 'constraint_lookahead':
/home/hyeonjin/PL/tree-sitter-haskell/src/scanner.c:3292:17: error: 'TSLexer' has no member named 'record_alternative'
 3292 |       env->lexer->record_alternative(env->lexer, CONTEXT);
      |                 ^~
/home/hyeonjin/PL/tree-sitter-haskell/src/scanner.c:3296:17: error: 'TSLexer' has no member named 'record_alternative'
 3296 |       env->lexer->record_alternative(env->lexer, INFIX);
      |                 ^~

note: run with `RUST_BACKTRACE=1` environment variable to display a backtrace

  [ALL] <<< FAILED : haskell  (exit=101, 63s)

############################################################
  [ALL] Pipeline finished
  [ALL] End    : 2026-03-31 20:42:16
  [ALL] Elapsed: 63s

  [ALL] Failed    (1): haskell
  [ALL] Log file : /home/hyeonjin/PL/tree-sitter/pipeline_all_20260331_204113.log
############################################################
