============================================================
  Language : javascript
  Start    : 2026-04-16 14:50:04
============================================================
  [Step3 make_answers(javascript)]
[*] All done. Processed 1655/1655 files.

  [Step4 evaluate(javascript)]
[Global] Total Queries    : 218763
[Global] Top-10 Count     : 196189
[Global] Top-10 Acc       : 89.7%
[Global] Top11~20 Count   : 13722
[Global] CPP Fail         : 0
[JAVASCRIPT] Total Queries : 218763
[JAVASCRIPT] Found         : 218368  (99.8%)
[JAVASCRIPT] Not Found     : 395  (0.2%)
[JAVASCRIPT] Fail          : 0  (0.0%)
[Saved] File Report (CSV) -> /home/hyeonjin/PL/tree-sitter/reports/javascript/javascript_file_performance.csv
[Saved] Coverage Report (CSV) -> /home/hyeonjin/PL/tree-sitter/reports/javascript/javascript_coverage.csv

  Total Elapsed: 723s
  End   : 2026-04-16 15:02:07

