============================================================
  Language : ruby
  Start    : 2026-04-16 14:50:04
============================================================
  [Step3 make_answers(ruby)]
[*] All done. Processed 581/581 files.

  [Step4 evaluate(ruby)]
[Global] Total Queries    : 54272
[Global] Top-10 Count     : 47825
[Global] Top-10 Acc       : 88.1%
[Global] Top11~20 Count   : 4247
[Global] CPP Fail         : 0
[RUBY] Total Queries : 54272
[RUBY] Found         : 54032  (99.6%)
[RUBY] Not Found     : 240  (0.4%)
[RUBY] Fail          : 0  (0.0%)
[Saved] File Report (CSV) -> /home/hyeonjin/PL/tree-sitter/reports/ruby/ruby_file_performance.csv
[Saved] Coverage Report (CSV) -> /home/hyeonjin/PL/tree-sitter/reports/ruby/ruby_coverage.csv

  Total Elapsed: 161s
  End   : 2026-04-16 14:52:45

