############################################################
  run_pipeline_all.sh
  Start   : 2026-03-20 15:36:59
  Languages: --skip-collection
  Options : none
  Log file: /home/hyeonjin/PL/tree-sitter/pipeline_all_20260320_153659.log
############################################################

============================================================
  [ALL] >>> Language: --skip-collection
  [ALL]     Start   : 2026-03-20 15:36:59
============================================================
Error: Unknown language '--skip-collection'
Supported: smallbasic(sb), c11(c), haskell, ruby, php, javascript(js), cpp, java, python

  [ALL] <<< FAILED : --skip-collection  (exit=1, 0s)

############################################################
  [ALL] Pipeline finished
  [ALL] End    : 2026-03-20 15:36:59
  [ALL] Elapsed: 0s

  [ALL] Failed    (1): --skip-collection
  [ALL] Log file : /home/hyeonjin/PL/tree-sitter/pipeline_all_20260320_153659.log
############################################################
